生成启动时间为 2018/9/7 星期五 上午 11:57:16。
     1>项目“E:\github\cropper\Cropper\cximage702_full\demo\demodll.vcxproj”在节点 2 上(Rebuild 个目标)。
     1>ClCompile:
         C:\Program Files (x86)\Microsoft Visual Studio 11.0\VC\bin\CL.exe /c /I..\cximage /Zi /nologo /W3 /WX- /O2 /Oi /Oy- /GL /D WIN32 /D _WINDOWS /D NDEBUG /D VATI_EXTENSIONS /D _CRT_SECURE_NO_DEPRECATE /D _CRT_NON_CONFORMING_SWPRINTFS /D _WIN32_IE=0x0501 /D _UNICODE /D UNICODE /D _AFXDLL /Gm- /EHsc /MD /GS /Gy /fp:precise /Zc:wchar_t /Zc:forScope /Yc /Fp"Release\demodll.pch" /Fo"Release\\" /Fd"Release\vc110.pdb" /Gd /TP /analyze- /errorReport:prompt stdafx.cpp
         stdafx.cpp
         C:\Program Files (x86)\Microsoft Visual Studio 11.0\VC\bin\CL.exe /c /I..\cximage /Zi /nologo /W3 /WX- /O2 /Oi /Oy- /GL /D WIN32 /D _WINDOWS /D NDEBUG /D VATI_EXTENSIONS /D _CRT_SECURE_NO_DEPRECATE /D _CRT_NON_CONFORMING_SWPRINTFS /D _WIN32_IE=0x0501 /D _UNICODE /D UNICODE /D _AFXDLL /Gm- /EHsc /MD /GS /Gy /fp:precise /Zc:wchar_t /Zc:forScope /Fo"Release\\" /Fd"Release\vc110.pdb" /Gd /TP /analyze- /errorReport:prompt BCMenu.cpp ChildFrm.cpp demo.cpp demoDoc.cpp demoView.cpp dlgcapture.cpp DlgColorize.cpp DlgCombine.cpp DlgCustomFilter.cpp DlgDataExt.cpp DlgDecBpp.cpp DlgDither.cpp DlgExpand.cpp DlgFFT.cpp DlgFloodFill.cpp DlgGamma.cpp DlgHisto.cpp DlgIncBpp.cpp DlgJpeg.cpp DlgMix.cpp DlgOpacity.cpp DlgOptions.cpp DlgPalette.cpp DlgRepair.cpp DlgResample.cpp DlgRotate.cpp DlgShadow.cpp DlgSkew.cpp DlgText.cpp DlgThreshold.cpp DlgURL.cpp logomdi.cpp MainFrm.cpp Quantize.cpp TwainCpp.cpp xTargetButton.cpp
         BCMenu.cpp
     1>BCMenu.cpp(1972): warning C4018: “<”: 有符号/无符号不匹配
         ChildFrm.cpp
         demo.cpp
     1>e:\github\cropper\cropper\cximage702_full\demo\Twain.h : warning C4819: 该文件包含不能在当前代码页(936)中表示的字符。请将该文件保存为 Unicode 格式以防止数据丢失
         demoDoc.cpp
     1>e:\github\cropper\cropper\cximage702_full\demo\Twain.h : warning C4819: 该文件包含不能在当前代码页(936)中表示的字符。请将该文件保存为 Unicode 格式以防止数据丢失
         demoView.cpp
     1>e:\github\cropper\cropper\cximage702_full\demo\Twain.h : warning C4819: 该文件包含不能在当前代码页(936)中表示的字符。请将该文件保存为 Unicode 格式以防止数据丢失
         dlgcapture.cpp
         DlgColorize.cpp
         DlgCombine.cpp
         DlgCustomFilter.cpp
         DlgDataExt.cpp
         DlgDecBpp.cpp
         DlgDither.cpp
         DlgExpand.cpp
         DlgFFT.cpp
         DlgFloodFill.cpp
         DlgGamma.cpp
         DlgHisto.cpp
     1>e:\github\cropper\cropper\cximage702_full\demo\Twain.h : warning C4819: 该文件包含不能在当前代码页(936)中表示的字符。请将该文件保存为 Unicode 格式以防止数据丢失
         DlgIncBpp.cpp
         DlgJpeg.cpp
         DlgMix.cpp
         正在编译...
         DlgOpacity.cpp
         DlgOptions.cpp
         DlgPalette.cpp
         DlgRepair.cpp
         DlgResample.cpp
         DlgRotate.cpp
         DlgShadow.cpp
         DlgSkew.cpp
         DlgText.cpp
         DlgThreshold.cpp
         DlgURL.cpp
         logomdi.cpp
         MainFrm.cpp
     1>e:\github\cropper\cropper\cximage702_full\demo\Twain.h : warning C4819: 该文件包含不能在当前代码页(936)中表示的字符。请将该文件保存为 Unicode 格式以防止数据丢失
         Quantize.cpp
         TwainCpp.cpp
     1>e:\github\cropper\cropper\cximage702_full\demo\Twain.h : warning C4819: 该文件包含不能在当前代码页(936)中表示的字符。请将该文件保存为 Unicode 格式以防止数据丢失
         xTargetButton.cpp
       ResourceCompile:
         C:\Program Files (x86)\Windows Kits\8.0\bin\x86\rc.exe /D NDEBUG /D _UNICODE /D UNICODE /D _AFXDLL /l"0x0409" /IRelease\ /nologo /fo"Release\demo.res" demo.rc 
       Link:
         C:\Program Files (x86)\Microsoft Visual Studio 11.0\VC\bin\link.exe /ERRORREPORT:PROMPT /OUT:"E:\github\cropper\Cropper\cximage702_full\Release\demodll.exe" /INCREMENTAL:NO /NOLOGO wininet.lib ../Release/png.lib ../Release/jpeg.lib ../Release/zlib.lib ../Release/tiff.lib ../Release/jbig.lib ../Release/jasper.lib ../Release/mng.lib ../Release/libdcr.lib ../Release/libpsd.lib ../Release/cximage.lib opencv_world330.lib opencv_world330d.lib /MANIFEST /MANIFESTUAC:"level='asInvoker' uiAccess='false'" /manifest:embed /manifestinput:"C:\Program Files (x86)\Microsoft Visual Studio 11.0\VC\Include\Manifest\dpiaware.manifest" /DEBUG /PDB:"E:\github\cropper\Cropper\cximage702_full\Release\demodll.pdb" /SUBSYSTEM:WINDOWS /OPT:REF /OPT:ICF /LTCG /TLBID:1 /ENTRY:"wWinMainCRTStartup" /DYNAMICBASE /NXCOMPAT /IMPLIB:"E:\github\cropper\Cropper\cximage702_full\Release\demodll.lib" /MACHINE:X86 /SAFESEH Release\demo.res
         Release\BCMenu.obj
         Release\ChildFrm.obj
         Release\demo.obj
         Release\demoDoc.obj
         Release\demoView.obj
         Release\dlgcapture.obj
         Release\DlgColorize.obj
         Release\DlgCombine.obj
         Release\DlgCustomFilter.obj
         Release\DlgDataExt.obj
         Release\DlgDecBpp.obj
         Release\DlgDither.obj
         Release\DlgExpand.obj
         Release\DlgFFT.obj
         Release\DlgFloodFill.obj
         Release\DlgGamma.obj
         Release\DlgHisto.obj
         Release\DlgIncBpp.obj
         Release\DlgJpeg.obj
         Release\DlgMix.obj
         Release\DlgOpacity.obj
         Release\DlgOptions.obj
         Release\DlgPalette.obj
         Release\DlgRepair.obj
         Release\DlgResample.obj
         Release\DlgRotate.obj
         Release\DlgShadow.obj
         Release\DlgSkew.obj
         Release\DlgText.obj
         Release\DlgThreshold.obj
         Release\DlgURL.obj
         Release\logomdi.obj
         Release\MainFrm.obj
         Release\Quantize.obj
         Release\stdafx.obj
         Release\TwainCpp.obj
         Release\xTargetButton.obj
            正在创建库 E:\github\cropper\Cropper\cximage702_full\Release\demodll.lib 和对象 E:\github\cropper\Cropper\cximage702_full\Release\demodll.exp
         正在生成代码
         已完成代码的生成
         demodll.vcxproj -> E:\github\cropper\Cropper\cximage702_full\Release\demodll.exe
     1>已完成生成项目“E:\github\cropper\Cropper\cximage702_full\demo\demodll.vcxproj”(Rebuild 个目标)的操作。

生成成功。

已用时间 00:01:00.38
