E:\GITHUB\CROPPER\CROPPER\CXIMAGE702_FULL\LIBPSD\RELEASE\GRADIENT_BLEND.OBJ
E:\GITHUB\CROPPER\CROPPER\CXIMAGE702_FULL\LIBPSD\RELEASE\GAUSSIAN_BLUR.OBJ
E:\GITHUB\CROPPER\CROPPER\CXIMAGE702_FULL\LIBPSD\RELEASE\FIXED.OBJ
E:\GITHUB\CROPPER\CROPPER\CXIMAGE702_FULL\LIBPSD\RELEASE\FILE_HEADER.OBJ
E:\GITHUB\CROPPER\CROPPER\CXIMAGE702_FULL\LIBPSD\RELEASE\EFFECTS.OBJ
E:\GITHUB\CROPPER\CROPPER\CXIMAGE702_FULL\LIBPSD\RELEASE\DROP_SHADOW.OBJ
E:\GITHUB\CROPPER\CROPPER\CXIMAGE702_FULL\LIBPSD\RELEASE\DESCRIPTOR.OBJ
E:\GITHUB\CROPPER\CROPPER\CXIMAGE702_FULL\LIBPSD\RELEASE\CURVES.OBJ
E:\GITHUB\CROPPER\CROPPER\CXIMAGE702_FULL\LIBPSD\RELEASE\COLOR_OVERLAY.OBJ
E:\GITHUB\CROPPER\CROPPER\CXIMAGE702_FULL\LIBPSD\RELEASE\COLOR_MODE.OBJ
E:\GITHUB\CROPPER\CROPPER\CXIMAGE702_FULL\LIBPSD\RELEASE\COLOR_BALANCE.OBJ
E:\GITHUB\CROPPER\CROPPER\CXIMAGE702_FULL\LIBPSD\RELEASE\COLOR.OBJ
E:\GITHUB\CROPPER\CROPPER\CXIMAGE702_FULL\LIBPSD\RELEASE\CHANNEL_MIXER.OBJ
E:\GITHUB\CROPPER\CROPPER\CXIMAGE702_FULL\LIBPSD\RELEASE\CHANNEL_IMAGE.OBJ
E:\GITHUB\CROPPER\CROPPER\CXIMAGE702_FULL\LIBPSD\RELEASE\BRIGHTNESS_CONTRAST.OBJ
E:\GITHUB\CROPPER\CROPPER\CXIMAGE702_FULL\LIBPSD\RELEASE\BOUNDARY.OBJ
E:\GITHUB\CROPPER\CROPPER\CXIMAGE702_FULL\LIBPSD\RELEASE\BLEND.OBJ
E:\GITHUB\CROPPER\CROPPER\CXIMAGE702_FULL\LIBPSD\RELEASE\BITMAP.OBJ
E:\GITHUB\CROPPER\CROPPER\CXIMAGE702_FULL\LIBPSD\RELEASE\BEVEL_EMBOSS.OBJ
E:\GITHUB\CROPPER\CROPPER\CXIMAGE702_FULL\LIBPSD\RELEASE\ADJUSTMENT.OBJ
E:\GITHUB\CROPPER\CROPPER\CXIMAGE702_FULL\LIBPSD\RELEASE\PSD_SYSTEM.OBJ
E:\GITHUB\CROPPER\CROPPER\CXIMAGE702_FULL\LIBPSD\RELEASE\PSD.OBJ
E:\GITHUB\CROPPER\CROPPER\CXIMAGE702_FULL\LIBPSD\RELEASE\POSTERIZE.OBJ
E:\GITHUB\CROPPER\CROPPER\CXIMAGE702_FULL\LIBPSD\RELEASE\PHOTO_FILTER.OBJ
E:\GITHUB\CROPPER\CROPPER\CXIMAGE702_FULL\LIBPSD\RELEASE\PATTERN_OVERLAY.OBJ
E:\GITHUB\CROPPER\CROPPER\CXIMAGE702_FULL\LIBPSD\RELEASE\PATTERN_FILL.OBJ
E:\GITHUB\CROPPER\CROPPER\CXIMAGE702_FULL\LIBPSD\RELEASE\PATTERN.OBJ
E:\GITHUB\CROPPER\CROPPER\CXIMAGE702_FULL\LIBPSD\RELEASE\PATH.OBJ
E:\GITHUB\CROPPER\CROPPER\CXIMAGE702_FULL\LIBPSD\RELEASE\OUTER_GLOW.OBJ
E:\GITHUB\CROPPER\CROPPER\CXIMAGE702_FULL\LIBPSD\RELEASE\LEVELS.OBJ
E:\GITHUB\CROPPER\CROPPER\CXIMAGE702_FULL\LIBPSD\RELEASE\LAYER_MASK.OBJ
E:\GITHUB\CROPPER\CROPPER\CXIMAGE702_FULL\LIBPSD\RELEASE\INVERT.OBJ
E:\GITHUB\CROPPER\CROPPER\CXIMAGE702_FULL\LIBPSD\RELEASE\INNER_SHADOW.OBJ
E:\GITHUB\CROPPER\CROPPER\CXIMAGE702_FULL\LIBPSD\RELEASE\INNER_GLOW.OBJ
E:\GITHUB\CROPPER\CROPPER\CXIMAGE702_FULL\LIBPSD\RELEASE\IMAGE_RESOURCE.OBJ
E:\GITHUB\CROPPER\CROPPER\CXIMAGE702_FULL\LIBPSD\RELEASE\IMAGE_DATA.OBJ
E:\GITHUB\CROPPER\CROPPER\CXIMAGE702_FULL\LIBPSD\RELEASE\HUE_SATURATION.OBJ
E:\GITHUB\CROPPER\CROPPER\CXIMAGE702_FULL\LIBPSD\RELEASE\GRADIENT_OVERLAY.OBJ
E:\GITHUB\CROPPER\CROPPER\CXIMAGE702_FULL\LIBPSD\RELEASE\GRADIENT_MAP.OBJ
E:\GITHUB\CROPPER\CROPPER\CXIMAGE702_FULL\LIBPSD\RELEASE\GRADIENT_FILL.OBJ
E:\GITHUB\CROPPER\CROPPER\CXIMAGE702_FULL\LIBPSD\RELEASE\TYPE_TOOL.OBJ
E:\GITHUB\CROPPER\CROPPER\CXIMAGE702_FULL\LIBPSD\RELEASE\THUMBNAIL.OBJ
E:\GITHUB\CROPPER\CROPPER\CXIMAGE702_FULL\LIBPSD\RELEASE\THRESHOLD.OBJ
E:\GITHUB\CROPPER\CROPPER\CXIMAGE702_FULL\LIBPSD\RELEASE\STROKE.OBJ
E:\GITHUB\CROPPER\CROPPER\CXIMAGE702_FULL\LIBPSD\RELEASE\STREAM.OBJ
E:\GITHUB\CROPPER\CROPPER\CXIMAGE702_FULL\LIBPSD\RELEASE\SOLID_COLOR.OBJ
E:\GITHUB\CROPPER\CROPPER\CXIMAGE702_FULL\LIBPSD\RELEASE\SELECTIVE_COLOR.OBJ
E:\GITHUB\CROPPER\CROPPER\CXIMAGE702_FULL\LIBPSD\RELEASE\SATIN.OBJ
E:\GITHUB\CROPPER\CROPPER\CXIMAGE702_FULL\LIBPSD\RELEASE\RECT.OBJ
E:\GITHUB\CROPPER\CROPPER\CXIMAGE702_FULL\LIBPSD\RELEASE\PSD_ZIP.OBJ
E:\GITHUB\CROPPER\CROPPER\CXIMAGE702_FULL\LIBPSD\RELEASE\VC110.PDB
E:\GITHUB\CROPPER\CROPPER\CXIMAGE702_FULL\RELEASE\LIBPSD.LIB
E:\github\cropper\Cropper\cximage702_full\libpsd\Release\adjustment.obj
E:\github\cropper\Cropper\cximage702_full\libpsd\Release\bevel_emboss.obj
E:\github\cropper\Cropper\cximage702_full\libpsd\Release\bitmap.obj
E:\github\cropper\Cropper\cximage702_full\libpsd\Release\blend.obj
E:\github\cropper\Cropper\cximage702_full\libpsd\Release\boundary.obj
E:\github\cropper\Cropper\cximage702_full\libpsd\Release\brightness_contrast.obj
E:\github\cropper\Cropper\cximage702_full\libpsd\Release\channel_image.obj
E:\github\cropper\Cropper\cximage702_full\libpsd\Release\channel_mixer.obj
E:\github\cropper\Cropper\cximage702_full\libpsd\Release\color.obj
E:\github\cropper\Cropper\cximage702_full\libpsd\Release\color_balance.obj
E:\github\cropper\Cropper\cximage702_full\libpsd\Release\color_mode.obj
E:\github\cropper\Cropper\cximage702_full\libpsd\Release\color_overlay.obj
E:\github\cropper\Cropper\cximage702_full\libpsd\Release\curves.obj
E:\github\cropper\Cropper\cximage702_full\libpsd\Release\descriptor.obj
E:\github\cropper\Cropper\cximage702_full\libpsd\Release\drop_shadow.obj
E:\github\cropper\Cropper\cximage702_full\libpsd\Release\effects.obj
E:\github\cropper\Cropper\cximage702_full\libpsd\Release\file_header.obj
E:\github\cropper\Cropper\cximage702_full\libpsd\Release\fixed.obj
E:\github\cropper\Cropper\cximage702_full\libpsd\Release\gaussian_blur.obj
E:\github\cropper\Cropper\cximage702_full\libpsd\Release\gradient_blend.obj
E:\github\cropper\Cropper\cximage702_full\libpsd\Release\gradient_fill.obj
E:\github\cropper\Cropper\cximage702_full\libpsd\Release\gradient_map.obj
E:\github\cropper\Cropper\cximage702_full\libpsd\Release\gradient_overlay.obj
E:\github\cropper\Cropper\cximage702_full\libpsd\Release\hue_saturation.obj
E:\github\cropper\Cropper\cximage702_full\libpsd\Release\image_data.obj
E:\github\cropper\Cropper\cximage702_full\libpsd\Release\image_resource.obj
E:\github\cropper\Cropper\cximage702_full\libpsd\Release\inner_glow.obj
E:\github\cropper\Cropper\cximage702_full\libpsd\Release\inner_shadow.obj
E:\github\cropper\Cropper\cximage702_full\libpsd\Release\invert.obj
E:\github\cropper\Cropper\cximage702_full\libpsd\Release\layer_mask.obj
E:\github\cropper\Cropper\cximage702_full\libpsd\Release\levels.obj
E:\github\cropper\Cropper\cximage702_full\libpsd\Release\outer_glow.obj
E:\github\cropper\Cropper\cximage702_full\libpsd\Release\path.obj
E:\github\cropper\Cropper\cximage702_full\libpsd\Release\pattern.obj
E:\github\cropper\Cropper\cximage702_full\libpsd\Release\pattern_fill.obj
E:\github\cropper\Cropper\cximage702_full\libpsd\Release\pattern_overlay.obj
E:\github\cropper\Cropper\cximage702_full\libpsd\Release\photo_filter.obj
E:\github\cropper\Cropper\cximage702_full\libpsd\Release\posterize.obj
E:\github\cropper\Cropper\cximage702_full\libpsd\Release\psd.obj
E:\github\cropper\Cropper\cximage702_full\libpsd\Release\psd_system.obj
E:\github\cropper\Cropper\cximage702_full\libpsd\Release\psd_zip.obj
E:\github\cropper\Cropper\cximage702_full\libpsd\Release\rect.obj
E:\github\cropper\Cropper\cximage702_full\libpsd\Release\satin.obj
E:\github\cropper\Cropper\cximage702_full\libpsd\Release\selective_color.obj
E:\github\cropper\Cropper\cximage702_full\libpsd\Release\solid_color.obj
E:\github\cropper\Cropper\cximage702_full\libpsd\Release\stream.obj
E:\github\cropper\Cropper\cximage702_full\libpsd\Release\stroke.obj
E:\github\cropper\Cropper\cximage702_full\libpsd\Release\threshold.obj
E:\github\cropper\Cropper\cximage702_full\libpsd\Release\thumbnail.obj
E:\github\cropper\Cropper\cximage702_full\libpsd\Release\type_tool.obj
E:\github\cropper\Cropper\cximage702_full\libpsd\Release\cl.command.1.tlog
E:\github\cropper\Cropper\cximage702_full\libpsd\Release\CL.read.1.tlog
E:\github\cropper\Cropper\cximage702_full\libpsd\Release\CL.write.1.tlog
E:\github\cropper\Cropper\cximage702_full\libpsd\Release\Lib-link.read.1.tlog
E:\github\cropper\Cropper\cximage702_full\libpsd\Release\Lib-link.write.1.tlog
E:\github\cropper\Cropper\cximage702_full\libpsd\Release\lib.command.1.tlog
E:\github\cropper\Cropper\cximage702_full\libpsd\Release\vc110.pdb
E:\github\cropper\Cropper\cximage702_full\Release\libpsd.lib
