E:\GITHUB\CROPPER\CROPPER\CXIMAGE702_FULL\JPEG\RELEASE\JDARITH.OBJ
E:\GITHUB\CROPPER\CROPPER\CXIMAGE702_FULL\JPEG\RELEASE\JDAPISTD.OBJ
E:\GITHUB\CROPPER\CROPPER\CXIMAGE702_FULL\JPEG\RELEASE\JDAPIMIN.OBJ
E:\GITHUB\CROPPER\CROPPER\CXIMAGE702_FULL\JPEG\RELEASE\JCTRANS.OBJ
E:\GITHUB\CROPPER\CROPPER\CXIMAGE702_FULL\JPEG\RELEASE\JCSAMPLE.OBJ
E:\GITHUB\CROPPER\CROPPER\CXIMAGE702_FULL\JPEG\RELEASE\JCPREPCT.OBJ
E:\GITHUB\CROPPER\CROPPER\CXIMAGE702_FULL\JPEG\RELEASE\JCPARAM.OBJ
E:\GITHUB\CROPPER\CROPPER\CXIMAGE702_FULL\JPEG\RELEASE\JCOMAPI.OBJ
E:\GITHUB\CROPPER\CROPPER\CXIMAGE702_FULL\JPEG\RELEASE\JCMASTER.OBJ
E:\GITHUB\CROPPER\CROPPER\CXIMAGE702_FULL\JPEG\RELEASE\JCMARKER.OBJ
E:\GITHUB\CROPPER\CROPPER\CXIMAGE702_FULL\JPEG\RELEASE\JCMAINCT.OBJ
E:\GITHUB\CROPPER\CROPPER\CXIMAGE702_FULL\JPEG\RELEASE\JCINIT.OBJ
E:\GITHUB\CROPPER\CROPPER\CXIMAGE702_FULL\JPEG\RELEASE\JCHUFF.OBJ
E:\GITHUB\CROPPER\CROPPER\CXIMAGE702_FULL\JPEG\RELEASE\JCDCTMGR.OBJ
E:\GITHUB\CROPPER\CROPPER\CXIMAGE702_FULL\JPEG\RELEASE\JCCOLOR.OBJ
E:\GITHUB\CROPPER\CROPPER\CXIMAGE702_FULL\JPEG\RELEASE\JCCOEFCT.OBJ
E:\GITHUB\CROPPER\CROPPER\CXIMAGE702_FULL\JPEG\RELEASE\JCARITH.OBJ
E:\GITHUB\CROPPER\CROPPER\CXIMAGE702_FULL\JPEG\RELEASE\JCAPISTD.OBJ
E:\GITHUB\CROPPER\CROPPER\CXIMAGE702_FULL\JPEG\RELEASE\JCAPIMIN.OBJ
E:\GITHUB\CROPPER\CROPPER\CXIMAGE702_FULL\JPEG\RELEASE\JARICOM.OBJ
E:\GITHUB\CROPPER\CROPPER\CXIMAGE702_FULL\JPEG\RELEASE\JIDCTFST.OBJ
E:\GITHUB\CROPPER\CROPPER\CXIMAGE702_FULL\JPEG\RELEASE\JIDCTFLT.OBJ
E:\GITHUB\CROPPER\CROPPER\CXIMAGE702_FULL\JPEG\RELEASE\JFDCTINT.OBJ
E:\GITHUB\CROPPER\CROPPER\CXIMAGE702_FULL\JPEG\RELEASE\JFDCTFST.OBJ
E:\GITHUB\CROPPER\CROPPER\CXIMAGE702_FULL\JPEG\RELEASE\JFDCTFLT.OBJ
E:\GITHUB\CROPPER\CROPPER\CXIMAGE702_FULL\JPEG\RELEASE\JERROR.OBJ
E:\GITHUB\CROPPER\CROPPER\CXIMAGE702_FULL\JPEG\RELEASE\JDTRANS.OBJ
E:\GITHUB\CROPPER\CROPPER\CXIMAGE702_FULL\JPEG\RELEASE\JDSAMPLE.OBJ
E:\GITHUB\CROPPER\CROPPER\CXIMAGE702_FULL\JPEG\RELEASE\JDPOSTCT.OBJ
E:\GITHUB\CROPPER\CROPPER\CXIMAGE702_FULL\JPEG\RELEASE\JDMERGE.OBJ
E:\GITHUB\CROPPER\CROPPER\CXIMAGE702_FULL\JPEG\RELEASE\JDMASTER.OBJ
E:\GITHUB\CROPPER\CROPPER\CXIMAGE702_FULL\JPEG\RELEASE\JDMARKER.OBJ
E:\GITHUB\CROPPER\CROPPER\CXIMAGE702_FULL\JPEG\RELEASE\JDMAINCT.OBJ
E:\GITHUB\CROPPER\CROPPER\CXIMAGE702_FULL\JPEG\RELEASE\JDINPUT.OBJ
E:\GITHUB\CROPPER\CROPPER\CXIMAGE702_FULL\JPEG\RELEASE\JDHUFF.OBJ
E:\GITHUB\CROPPER\CROPPER\CXIMAGE702_FULL\JPEG\RELEASE\JDDCTMGR.OBJ
E:\GITHUB\CROPPER\CROPPER\CXIMAGE702_FULL\JPEG\RELEASE\JDCOLOR.OBJ
E:\GITHUB\CROPPER\CROPPER\CXIMAGE702_FULL\JPEG\RELEASE\JDCOEFCT.OBJ
E:\GITHUB\CROPPER\CROPPER\CXIMAGE702_FULL\JPEG\RELEASE\JDATASRC.OBJ
E:\GITHUB\CROPPER\CROPPER\CXIMAGE702_FULL\JPEG\RELEASE\JDATADST.OBJ
E:\GITHUB\CROPPER\CROPPER\CXIMAGE702_FULL\JPEG\RELEASE\JUTILS.OBJ
E:\GITHUB\CROPPER\CROPPER\CXIMAGE702_FULL\JPEG\RELEASE\JQUANT2.OBJ
E:\GITHUB\CROPPER\CROPPER\CXIMAGE702_FULL\JPEG\RELEASE\JQUANT1.OBJ
E:\GITHUB\CROPPER\CROPPER\CXIMAGE702_FULL\JPEG\RELEASE\JMEMNOBS.OBJ
E:\GITHUB\CROPPER\CROPPER\CXIMAGE702_FULL\JPEG\RELEASE\JMEMMGR.OBJ
E:\GITHUB\CROPPER\CROPPER\CXIMAGE702_FULL\JPEG\RELEASE\JIDCTINT.OBJ
E:\GITHUB\CROPPER\CROPPER\CXIMAGE702_FULL\JPEG\RELEASE\VC110.PDB
E:\GITHUB\CROPPER\CROPPER\CXIMAGE702_FULL\RELEASE\JPEG.LIB
E:\github\cropper\Cropper\cximage702_full\jpeg\Release\jaricom.obj
E:\github\cropper\Cropper\cximage702_full\jpeg\Release\jcapimin.obj
E:\github\cropper\Cropper\cximage702_full\jpeg\Release\jcapistd.obj
E:\github\cropper\Cropper\cximage702_full\jpeg\Release\jcarith.obj
E:\github\cropper\Cropper\cximage702_full\jpeg\Release\jccoefct.obj
E:\github\cropper\Cropper\cximage702_full\jpeg\Release\jccolor.obj
E:\github\cropper\Cropper\cximage702_full\jpeg\Release\jcdctmgr.obj
E:\github\cropper\Cropper\cximage702_full\jpeg\Release\jchuff.obj
E:\github\cropper\Cropper\cximage702_full\jpeg\Release\jcinit.obj
E:\github\cropper\Cropper\cximage702_full\jpeg\Release\jcmainct.obj
E:\github\cropper\Cropper\cximage702_full\jpeg\Release\jcmarker.obj
E:\github\cropper\Cropper\cximage702_full\jpeg\Release\jcmaster.obj
E:\github\cropper\Cropper\cximage702_full\jpeg\Release\jcomapi.obj
E:\github\cropper\Cropper\cximage702_full\jpeg\Release\jcparam.obj
E:\github\cropper\Cropper\cximage702_full\jpeg\Release\jcprepct.obj
E:\github\cropper\Cropper\cximage702_full\jpeg\Release\jcsample.obj
E:\github\cropper\Cropper\cximage702_full\jpeg\Release\jctrans.obj
E:\github\cropper\Cropper\cximage702_full\jpeg\Release\jdapimin.obj
E:\github\cropper\Cropper\cximage702_full\jpeg\Release\jdapistd.obj
E:\github\cropper\Cropper\cximage702_full\jpeg\Release\jdarith.obj
E:\github\cropper\Cropper\cximage702_full\jpeg\Release\jdatadst.obj
E:\github\cropper\Cropper\cximage702_full\jpeg\Release\jdatasrc.obj
E:\github\cropper\Cropper\cximage702_full\jpeg\Release\jdcoefct.obj
E:\github\cropper\Cropper\cximage702_full\jpeg\Release\jdcolor.obj
E:\github\cropper\Cropper\cximage702_full\jpeg\Release\jddctmgr.obj
E:\github\cropper\Cropper\cximage702_full\jpeg\Release\jdhuff.obj
E:\github\cropper\Cropper\cximage702_full\jpeg\Release\jdinput.obj
E:\github\cropper\Cropper\cximage702_full\jpeg\Release\jdmainct.obj
E:\github\cropper\Cropper\cximage702_full\jpeg\Release\jdmarker.obj
E:\github\cropper\Cropper\cximage702_full\jpeg\Release\jdmaster.obj
E:\github\cropper\Cropper\cximage702_full\jpeg\Release\jdmerge.obj
E:\github\cropper\Cropper\cximage702_full\jpeg\Release\jdpostct.obj
E:\github\cropper\Cropper\cximage702_full\jpeg\Release\jdsample.obj
E:\github\cropper\Cropper\cximage702_full\jpeg\Release\jdtrans.obj
E:\github\cropper\Cropper\cximage702_full\jpeg\Release\jerror.obj
E:\github\cropper\Cropper\cximage702_full\jpeg\Release\jfdctflt.obj
E:\github\cropper\Cropper\cximage702_full\jpeg\Release\jfdctfst.obj
E:\github\cropper\Cropper\cximage702_full\jpeg\Release\jfdctint.obj
E:\github\cropper\Cropper\cximage702_full\jpeg\Release\jidctflt.obj
E:\github\cropper\Cropper\cximage702_full\jpeg\Release\jidctfst.obj
E:\github\cropper\Cropper\cximage702_full\jpeg\Release\jidctint.obj
E:\github\cropper\Cropper\cximage702_full\jpeg\Release\jmemmgr.obj
E:\github\cropper\Cropper\cximage702_full\jpeg\Release\jmemnobs.obj
E:\github\cropper\Cropper\cximage702_full\jpeg\Release\jquant1.obj
E:\github\cropper\Cropper\cximage702_full\jpeg\Release\jquant2.obj
E:\github\cropper\Cropper\cximage702_full\jpeg\Release\jutils.obj
E:\github\cropper\Cropper\cximage702_full\jpeg\Release\cl.command.1.tlog
E:\github\cropper\Cropper\cximage702_full\jpeg\Release\CL.read.1.tlog
E:\github\cropper\Cropper\cximage702_full\jpeg\Release\CL.write.1.tlog
E:\github\cropper\Cropper\cximage702_full\jpeg\Release\Lib-link.read.1.tlog
E:\github\cropper\Cropper\cximage702_full\jpeg\Release\Lib-link.write.1.tlog
E:\github\cropper\Cropper\cximage702_full\jpeg\Release\lib.command.1.tlog
E:\github\cropper\Cropper\cximage702_full\jpeg\Release\vc110.pdb
E:\github\cropper\Cropper\cximage702_full\Release\jpeg.lib
