E:\GITHUB\CROPPER\CROPPER\CXIMAGE702_FULL\ZLIB\RELEASE\ZUTIL.OBJ
E:\GITHUB\CROPPER\CROPPER\CXIMAGE702_FULL\ZLIB\RELEASE\UNCOMPR.OBJ
E:\GITHUB\CROPPER\CROPPER\CXIMAGE702_FULL\ZLIB\RELEASE\TREES.OBJ
E:\GITHUB\CROPPER\CROPPER\CXIMAGE702_FULL\ZLIB\RELEASE\INFTREES.OBJ
E:\GITHUB\CROPPER\CROPPER\CXIMAGE702_FULL\ZLIB\RELEASE\INFLATE.OBJ
E:\GITHUB\CROPPER\CROPPER\CXIMAGE702_FULL\ZLIB\RELEASE\INFFAST.OBJ
E:\GITHUB\CROPPER\CROPPER\CXIMAGE702_FULL\ZLIB\RELEASE\INFBACK.OBJ
E:\GITHUB\CROPPER\CROPPER\CXIMAGE702_FULL\ZLIB\RELEASE\DEFLATE.OBJ
E:\GITHUB\CROPPER\CROPPER\CXIMAGE702_FULL\ZLIB\RELEASE\CRC32.OBJ
E:\GITHUB\CROPPER\CROPPER\CXIMAGE702_FULL\ZLIB\RELEASE\COMPRESS.OBJ
E:\GITHUB\CROPPER\CROPPER\CXIMAGE702_FULL\ZLIB\RELEASE\ADLER32.OBJ
E:\GITHUB\CROPPER\CROPPER\CXIMAGE702_FULL\ZLIB\RELEASE\VC110.PDB
E:\GITHUB\CROPPER\CROPPER\CXIMAGE702_FULL\RELEASE\ZLIB.LIB
E:\github\cropper\Cropper\cximage702_full\zlib\Release\adler32.obj
E:\github\cropper\Cropper\cximage702_full\zlib\Release\compress.obj
E:\github\cropper\Cropper\cximage702_full\zlib\Release\crc32.obj
E:\github\cropper\Cropper\cximage702_full\zlib\Release\deflate.obj
E:\github\cropper\Cropper\cximage702_full\zlib\Release\infback.obj
E:\github\cropper\Cropper\cximage702_full\zlib\Release\inffast.obj
E:\github\cropper\Cropper\cximage702_full\zlib\Release\inflate.obj
E:\github\cropper\Cropper\cximage702_full\zlib\Release\inftrees.obj
E:\github\cropper\Cropper\cximage702_full\zlib\Release\trees.obj
E:\github\cropper\Cropper\cximage702_full\zlib\Release\uncompr.obj
E:\github\cropper\Cropper\cximage702_full\zlib\Release\zutil.obj
E:\github\cropper\Cropper\cximage702_full\zlib\Release\cl.command.1.tlog
E:\github\cropper\Cropper\cximage702_full\zlib\Release\CL.read.1.tlog
E:\github\cropper\Cropper\cximage702_full\zlib\Release\CL.write.1.tlog
E:\github\cropper\Cropper\cximage702_full\zlib\Release\Lib-link.read.1.tlog
E:\github\cropper\Cropper\cximage702_full\zlib\Release\Lib-link.write.1.tlog
E:\github\cropper\Cropper\cximage702_full\zlib\Release\lib.command.1.tlog
E:\github\cropper\Cropper\cximage702_full\zlib\Release\vc110.pdb
E:\github\cropper\Cropper\cximage702_full\Release\zlib.lib
