生成启动时间为 2018/9/7 星期五 上午 11:30:34。
     1>项目“E:\github\cropper\Cropper\cximage702_full\zlib\zlib.vcxproj”在节点 4 上(Build 个目标)。
     1>ClCompile:
         C:\Program Files (x86)\Microsoft Visual Studio 11.0\VC\bin\CL.exe /c /Zi /nologo /W3 /WX- /O2 /Oi /Oy- /GL /D WIN32 /D NDEBUG /D _LIB /D _CRT_SECURE_NO_DEPRECATE /D _UNICODE /D UNICODE /Gm- /EHsc /MD /GS /Gy /fp:precise /Zc:wchar_t /Zc:forScope /Fo"Release\\" /Fd"Release\vc110.pdb" /Gd /TC /analyze- /errorReport:prompt adler32.c compress.c crc32.c deflate.c infback.c inffast.c inflate.c inftrees.c trees.c uncompr.c zutil.c
         adler32.c
         compress.c
         crc32.c
         deflate.c
         infback.c
         inffast.c
         inflate.c
         inftrees.c
         trees.c
         uncompr.c
         zutil.c
       Lib:
         C:\Program Files (x86)\Microsoft Visual Studio 11.0\VC\bin\Lib.exe /OUT:"E:\github\cropper\Cropper\cximage702_full\Release\zlib.lib" /NOLOGO /LTCG Release\adler32.obj
         Release\compress.obj
         Release\crc32.obj
         Release\deflate.obj
         Release\infback.obj
         Release\inffast.obj
         Release\inflate.obj
         Release\inftrees.obj
         Release\trees.obj
         Release\uncompr.obj
         Release\zutil.obj
         zlib.vcxproj -> E:\github\cropper\Cropper\cximage702_full\Release\zlib.lib
     1>已完成生成项目“E:\github\cropper\Cropper\cximage702_full\zlib\zlib.vcxproj”(Build 个目标)的操作。

生成成功。

已用时间 00:00:00.99
