E:\GITHUB\CROPPER\CROPPER\CXIMAGE702_FULL\TIFF\RELEASE\TIF_OJPEG.OBJ
E:\GITHUB\CROPPER\CROPPER\CXIMAGE702_FULL\TIFF\RELEASE\TIF_NEXT.OBJ
E:\GITHUB\CROPPER\CROPPER\CXIMAGE702_FULL\TIFF\RELEASE\TIF_LZW.OBJ
E:\GITHUB\CROPPER\CROPPER\CXIMAGE702_FULL\TIFF\RELEASE\TIF_LUV.OBJ
E:\GITHUB\CROPPER\CROPPER\CXIMAGE702_FULL\TIFF\RELEASE\TIF_JPEG.OBJ
E:\GITHUB\CROPPER\CROPPER\CXIMAGE702_FULL\TIFF\RELEASE\TIF_GETIMAGE.OBJ
E:\GITHUB\CROPPER\CROPPER\CXIMAGE702_FULL\TIFF\RELEASE\TIF_FLUSH.OBJ
E:\GITHUB\CROPPER\CROPPER\CXIMAGE702_FULL\TIFF\RELEASE\TIF_FAX3SM.OBJ
E:\GITHUB\CROPPER\CROPPER\CXIMAGE702_FULL\TIFF\RELEASE\TIF_FAX3.OBJ
E:\GITHUB\CROPPER\CROPPER\CXIMAGE702_FULL\TIFF\RELEASE\TIF_ERROR.OBJ
E:\GITHUB\CROPPER\CROPPER\CXIMAGE702_FULL\TIFF\RELEASE\TIF_DUMPMODE.OBJ
E:\GITHUB\CROPPER\CROPPER\CXIMAGE702_FULL\TIFF\RELEASE\TIF_DIRWRITE.OBJ
E:\GITHUB\CROPPER\CROPPER\CXIMAGE702_FULL\TIFF\RELEASE\TIF_DIRREAD.OBJ
E:\GITHUB\CROPPER\CROPPER\CXIMAGE702_FULL\TIFF\RELEASE\TIF_DIRINFO.OBJ
E:\GITHUB\CROPPER\CROPPER\CXIMAGE702_FULL\TIFF\RELEASE\TIF_DIR.OBJ
E:\GITHUB\CROPPER\CROPPER\CXIMAGE702_FULL\TIFF\RELEASE\TIF_COMPRESS.OBJ
E:\GITHUB\CROPPER\CROPPER\CXIMAGE702_FULL\TIFF\RELEASE\TIF_COLOR.OBJ
E:\GITHUB\CROPPER\CROPPER\CXIMAGE702_FULL\TIFF\RELEASE\TIF_CODEC.OBJ
E:\GITHUB\CROPPER\CROPPER\CXIMAGE702_FULL\TIFF\RELEASE\TIF_CLOSE.OBJ
E:\GITHUB\CROPPER\CROPPER\CXIMAGE702_FULL\TIFF\RELEASE\TIF_AUX.OBJ
E:\GITHUB\CROPPER\CROPPER\CXIMAGE702_FULL\TIFF\RELEASE\TIF_ZIP.OBJ
E:\GITHUB\CROPPER\CROPPER\CXIMAGE702_FULL\TIFF\RELEASE\TIF_WRITE.OBJ
E:\GITHUB\CROPPER\CROPPER\CXIMAGE702_FULL\TIFF\RELEASE\TIF_WARNING.OBJ
E:\GITHUB\CROPPER\CROPPER\CXIMAGE702_FULL\TIFF\RELEASE\TIF_VERSION.OBJ
E:\GITHUB\CROPPER\CROPPER\CXIMAGE702_FULL\TIFF\RELEASE\TIF_TILE.OBJ
E:\GITHUB\CROPPER\CROPPER\CXIMAGE702_FULL\TIFF\RELEASE\TIF_THUNDER.OBJ
E:\GITHUB\CROPPER\CROPPER\CXIMAGE702_FULL\TIFF\RELEASE\TIF_SWAB.OBJ
E:\GITHUB\CROPPER\CROPPER\CXIMAGE702_FULL\TIFF\RELEASE\TIF_STRIP.OBJ
E:\GITHUB\CROPPER\CROPPER\CXIMAGE702_FULL\TIFF\RELEASE\TIF_READ.OBJ
E:\GITHUB\CROPPER\CROPPER\CXIMAGE702_FULL\TIFF\RELEASE\TIF_PRINT.OBJ
E:\GITHUB\CROPPER\CROPPER\CXIMAGE702_FULL\TIFF\RELEASE\TIF_PREDICT.OBJ
E:\GITHUB\CROPPER\CROPPER\CXIMAGE702_FULL\TIFF\RELEASE\TIF_PIXARLOG.OBJ
E:\GITHUB\CROPPER\CROPPER\CXIMAGE702_FULL\TIFF\RELEASE\TIF_PACKBITS.OBJ
E:\GITHUB\CROPPER\CROPPER\CXIMAGE702_FULL\TIFF\RELEASE\TIF_OPEN.OBJ
E:\GITHUB\CROPPER\CROPPER\CXIMAGE702_FULL\TIFF\RELEASE\VC110.PDB
E:\GITHUB\CROPPER\CROPPER\CXIMAGE702_FULL\RELEASE\TIFF.LIB
E:\github\cropper\Cropper\cximage702_full\tiff\Release\tif_aux.obj
E:\github\cropper\Cropper\cximage702_full\tiff\Release\tif_close.obj
E:\github\cropper\Cropper\cximage702_full\tiff\Release\tif_codec.obj
E:\github\cropper\Cropper\cximage702_full\tiff\Release\tif_color.obj
E:\github\cropper\Cropper\cximage702_full\tiff\Release\tif_compress.obj
E:\github\cropper\Cropper\cximage702_full\tiff\Release\tif_dir.obj
E:\github\cropper\Cropper\cximage702_full\tiff\Release\tif_dirinfo.obj
E:\github\cropper\Cropper\cximage702_full\tiff\Release\tif_dirread.obj
E:\github\cropper\Cropper\cximage702_full\tiff\Release\tif_dirwrite.obj
E:\github\cropper\Cropper\cximage702_full\tiff\Release\tif_dumpmode.obj
E:\github\cropper\Cropper\cximage702_full\tiff\Release\tif_error.obj
E:\github\cropper\Cropper\cximage702_full\tiff\Release\tif_fax3.obj
E:\github\cropper\Cropper\cximage702_full\tiff\Release\tif_fax3sm.obj
E:\github\cropper\Cropper\cximage702_full\tiff\Release\tif_flush.obj
E:\github\cropper\Cropper\cximage702_full\tiff\Release\tif_getimage.obj
E:\github\cropper\Cropper\cximage702_full\tiff\Release\tif_jpeg.obj
E:\github\cropper\Cropper\cximage702_full\tiff\Release\tif_luv.obj
E:\github\cropper\Cropper\cximage702_full\tiff\Release\tif_lzw.obj
E:\github\cropper\Cropper\cximage702_full\tiff\Release\tif_next.obj
E:\github\cropper\Cropper\cximage702_full\tiff\Release\tif_ojpeg.obj
E:\github\cropper\Cropper\cximage702_full\tiff\Release\tif_open.obj
E:\github\cropper\Cropper\cximage702_full\tiff\Release\tif_packbits.obj
E:\github\cropper\Cropper\cximage702_full\tiff\Release\tif_pixarlog.obj
E:\github\cropper\Cropper\cximage702_full\tiff\Release\tif_predict.obj
E:\github\cropper\Cropper\cximage702_full\tiff\Release\tif_print.obj
E:\github\cropper\Cropper\cximage702_full\tiff\Release\tif_read.obj
E:\github\cropper\Cropper\cximage702_full\tiff\Release\tif_strip.obj
E:\github\cropper\Cropper\cximage702_full\tiff\Release\tif_swab.obj
E:\github\cropper\Cropper\cximage702_full\tiff\Release\tif_thunder.obj
E:\github\cropper\Cropper\cximage702_full\tiff\Release\tif_tile.obj
E:\github\cropper\Cropper\cximage702_full\tiff\Release\tif_version.obj
E:\github\cropper\Cropper\cximage702_full\tiff\Release\tif_warning.obj
E:\github\cropper\Cropper\cximage702_full\tiff\Release\tif_write.obj
E:\github\cropper\Cropper\cximage702_full\tiff\Release\tif_zip.obj
E:\github\cropper\Cropper\cximage702_full\tiff\Release\cl.command.1.tlog
E:\github\cropper\Cropper\cximage702_full\tiff\Release\CL.read.1.tlog
E:\github\cropper\Cropper\cximage702_full\tiff\Release\CL.write.1.tlog
E:\github\cropper\Cropper\cximage702_full\tiff\Release\Lib-link.read.1.tlog
E:\github\cropper\Cropper\cximage702_full\tiff\Release\Lib-link.write.1.tlog
E:\github\cropper\Cropper\cximage702_full\tiff\Release\lib.command.1.tlog
E:\github\cropper\Cropper\cximage702_full\tiff\Release\vc110.pdb
E:\github\cropper\Cropper\cximage702_full\Release\tiff.lib
