生成启动时间为 2018/9/7 星期五 上午 11:30:34。
     1>项目“E:\github\cropper\Cropper\cximage702_full\tiff\tiff.vcxproj”在节点 5 上(Build 个目标)。
     1>ClCompile:
         C:\Program Files (x86)\Microsoft Visual Studio 11.0\VC\bin\CL.exe /c /I..\zlib /Zi /nologo /W3 /WX- /O2 /Oi /Oy- /GL /D WIN32 /D NDEBUG /D _LIB /D _CRT_SECURE_NO_DEPRECATE /D _UNICODE /D UNICODE /Gm- /EHsc /MD /GS /Gy /fp:precise /Zc:wchar_t /Zc:forScope /Fo"Release\\" /Fd"Release\vc110.pdb" /Gd /TC /analyze- /errorReport:prompt tif_aux.c tif_close.c tif_codec.c tif_color.c tif_compress.c tif_dir.c tif_dirinfo.c tif_dirread.c tif_dirwrite.c tif_dumpmode.c tif_error.c tif_fax3.c tif_fax3sm.c tif_flush.c tif_getimage.c tif_jpeg.c tif_luv.c tif_lzw.c tif_next.c tif_ojpeg.c tif_open.c tif_packbits.c tif_pixarlog.c tif_predict.c tif_print.c tif_read.c tif_strip.c tif_swab.c tif_thunder.c tif_tile.c tif_version.c tif_warning.c tif_write.c tif_zip.c
         tif_aux.c
         tif_close.c
         tif_codec.c
         tif_color.c
         tif_compress.c
         tif_dir.c
         tif_dirinfo.c
     1>tif_dirinfo.c(799): warning C4996: '_lfind': The POSIX name for this item is deprecated. Instead, use the ISO C++ conformant name: _lfind. See online help for details.
                 C:\Program Files (x86)\Microsoft Visual Studio 11.0\VC\include\search.h(53) : 参见“_lfind”的声明
         tif_dirread.c
         tif_dirwrite.c
         tif_dumpmode.c
         tif_error.c
         tif_fax3.c
         tif_fax3sm.c
         tif_flush.c
         tif_getimage.c
         tif_jpeg.c
         tif_luv.c
         tif_lzw.c
         tif_next.c
         tif_ojpeg.c
         正在编译...
         tif_open.c
         tif_packbits.c
         tif_pixarlog.c
         tif_predict.c
         tif_print.c
         tif_read.c
         tif_strip.c
         tif_swab.c
         tif_thunder.c
         tif_tile.c
         tif_version.c
         tif_warning.c
         tif_write.c
         tif_zip.c
       Lib:
         C:\Program Files (x86)\Microsoft Visual Studio 11.0\VC\bin\Lib.exe /OUT:"E:\github\cropper\Cropper\cximage702_full\Release\tiff.lib" /NOLOGO /LTCG Release\tif_aux.obj
         Release\tif_close.obj
         Release\tif_codec.obj
         Release\tif_color.obj
         Release\tif_compress.obj
         Release\tif_dir.obj
         Release\tif_dirinfo.obj
         Release\tif_dirread.obj
         Release\tif_dirwrite.obj
         Release\tif_dumpmode.obj
         Release\tif_error.obj
         Release\tif_fax3.obj
         Release\tif_fax3sm.obj
         Release\tif_flush.obj
         Release\tif_getimage.obj
         Release\tif_jpeg.obj
         Release\tif_luv.obj
         Release\tif_lzw.obj
         Release\tif_next.obj
         Release\tif_ojpeg.obj
         Release\tif_open.obj
         Release\tif_packbits.obj
         Release\tif_pixarlog.obj
         Release\tif_predict.obj
         Release\tif_print.obj
         Release\tif_read.obj
         Release\tif_strip.obj
         Release\tif_swab.obj
         Release\tif_thunder.obj
         Release\tif_tile.obj
         Release\tif_version.obj
         Release\tif_warning.obj
         Release\tif_write.obj
         Release\tif_zip.obj
         tiff.vcxproj -> E:\github\cropper\Cropper\cximage702_full\Release\tiff.lib
     1>已完成生成项目“E:\github\cropper\Cropper\cximage702_full\tiff\tiff.vcxproj”(Build 个目标)的操作。

生成成功。

已用时间 00:00:02.37
