E:\GITHUB\CROPPER\CROPPER\CXIMAGE702_FULL\JASPER\RELEASE\JPC_BS.OBJ
E:\GITHUB\CROPPER\CROPPER\CXIMAGE702_FULL\JASPER\RELEASE\JP2_ENC.OBJ
E:\GITHUB\CROPPER\CROPPER\CXIMAGE702_FULL\JASPER\RELEASE\JP2_DEC.OBJ
E:\GITHUB\CROPPER\CROPPER\CXIMAGE702_FULL\JASPER\RELEASE\JP2_COD.OBJ
E:\GITHUB\CROPPER\CROPPER\CXIMAGE702_FULL\JASPER\RELEASE\BMP_ENC.OBJ
E:\GITHUB\CROPPER\CROPPER\CXIMAGE702_FULL\JASPER\RELEASE\BMP_DEC.OBJ
E:\GITHUB\CROPPER\CROPPER\CXIMAGE702_FULL\JASPER\RELEASE\BMP_COD.OBJ
E:\GITHUB\CROPPER\CROPPER\CXIMAGE702_FULL\JASPER\RELEASE\JAS_VERSION.OBJ
E:\GITHUB\CROPPER\CROPPER\CXIMAGE702_FULL\JASPER\RELEASE\JAS_TVP.OBJ
E:\GITHUB\CROPPER\CROPPER\CXIMAGE702_FULL\JASPER\RELEASE\JAS_STRING.OBJ
E:\GITHUB\CROPPER\CROPPER\CXIMAGE702_FULL\JASPER\RELEASE\JAS_STREAM.OBJ
E:\GITHUB\CROPPER\CROPPER\CXIMAGE702_FULL\JASPER\RELEASE\JAS_SEQ.OBJ
E:\GITHUB\CROPPER\CROPPER\CXIMAGE702_FULL\JASPER\RELEASE\JAS_MALLOC.OBJ
E:\GITHUB\CROPPER\CROPPER\CXIMAGE702_FULL\JASPER\RELEASE\JAS_INIT.OBJ
E:\GITHUB\CROPPER\CROPPER\CXIMAGE702_FULL\JASPER\RELEASE\JAS_IMAGE.OBJ
E:\GITHUB\CROPPER\CROPPER\CXIMAGE702_FULL\JASPER\RELEASE\JAS_ICCDATA.OBJ
E:\GITHUB\CROPPER\CROPPER\CXIMAGE702_FULL\JASPER\RELEASE\JAS_ICC.OBJ
E:\GITHUB\CROPPER\CROPPER\CXIMAGE702_FULL\JASPER\RELEASE\JAS_GETOPT.OBJ
E:\GITHUB\CROPPER\CROPPER\CXIMAGE702_FULL\JASPER\RELEASE\JAS_DEBUG.OBJ
E:\GITHUB\CROPPER\CROPPER\CXIMAGE702_FULL\JASPER\RELEASE\JAS_CM.OBJ
E:\GITHUB\CROPPER\CROPPER\CXIMAGE702_FULL\JASPER\RELEASE\JPG_VAL.OBJ
E:\GITHUB\CROPPER\CROPPER\CXIMAGE702_FULL\JASPER\RELEASE\JPG_DUMMY.OBJ
E:\GITHUB\CROPPER\CROPPER\CXIMAGE702_FULL\JASPER\RELEASE\JPC_UTIL.OBJ
E:\GITHUB\CROPPER\CROPPER\CXIMAGE702_FULL\JASPER\RELEASE\JPC_TSFB.OBJ
E:\GITHUB\CROPPER\CROPPER\CXIMAGE702_FULL\JASPER\RELEASE\JPC_TAGTREE.OBJ
E:\GITHUB\CROPPER\CROPPER\CXIMAGE702_FULL\JASPER\RELEASE\JPC_T2ENC.OBJ
E:\GITHUB\CROPPER\CROPPER\CXIMAGE702_FULL\JASPER\RELEASE\JPC_T2DEC.OBJ
E:\GITHUB\CROPPER\CROPPER\CXIMAGE702_FULL\JASPER\RELEASE\JPC_T2COD.OBJ
E:\GITHUB\CROPPER\CROPPER\CXIMAGE702_FULL\JASPER\RELEASE\JPC_T1ENC.OBJ
E:\GITHUB\CROPPER\CROPPER\CXIMAGE702_FULL\JASPER\RELEASE\JPC_T1DEC.OBJ
E:\GITHUB\CROPPER\CROPPER\CXIMAGE702_FULL\JASPER\RELEASE\JPC_T1COD.OBJ
E:\GITHUB\CROPPER\CROPPER\CXIMAGE702_FULL\JASPER\RELEASE\JPC_QMFB.OBJ
E:\GITHUB\CROPPER\CROPPER\CXIMAGE702_FULL\JASPER\RELEASE\JPC_MQENC.OBJ
E:\GITHUB\CROPPER\CROPPER\CXIMAGE702_FULL\JASPER\RELEASE\JPC_MQDEC.OBJ
E:\GITHUB\CROPPER\CROPPER\CXIMAGE702_FULL\JASPER\RELEASE\JPC_MQCOD.OBJ
E:\GITHUB\CROPPER\CROPPER\CXIMAGE702_FULL\JASPER\RELEASE\JPC_MCT.OBJ
E:\GITHUB\CROPPER\CROPPER\CXIMAGE702_FULL\JASPER\RELEASE\JPC_MATH.OBJ
E:\GITHUB\CROPPER\CROPPER\CXIMAGE702_FULL\JASPER\RELEASE\JPC_ENC.OBJ
E:\GITHUB\CROPPER\CROPPER\CXIMAGE702_FULL\JASPER\RELEASE\JPC_DEC.OBJ
E:\GITHUB\CROPPER\CROPPER\CXIMAGE702_FULL\JASPER\RELEASE\JPC_CS.OBJ
E:\GITHUB\CROPPER\CROPPER\CXIMAGE702_FULL\JASPER\RELEASE\RAS_ENC.OBJ
E:\GITHUB\CROPPER\CROPPER\CXIMAGE702_FULL\JASPER\RELEASE\RAS_DEC.OBJ
E:\GITHUB\CROPPER\CROPPER\CXIMAGE702_FULL\JASPER\RELEASE\RAS_COD.OBJ
E:\GITHUB\CROPPER\CROPPER\CXIMAGE702_FULL\JASPER\RELEASE\PNM_ENC.OBJ
E:\GITHUB\CROPPER\CROPPER\CXIMAGE702_FULL\JASPER\RELEASE\PNM_DEC.OBJ
E:\GITHUB\CROPPER\CROPPER\CXIMAGE702_FULL\JASPER\RELEASE\PNM_COD.OBJ
E:\GITHUB\CROPPER\CROPPER\CXIMAGE702_FULL\JASPER\RELEASE\PGX_ENC.OBJ
E:\GITHUB\CROPPER\CROPPER\CXIMAGE702_FULL\JASPER\RELEASE\PGX_DEC.OBJ
E:\GITHUB\CROPPER\CROPPER\CXIMAGE702_FULL\JASPER\RELEASE\PGX_COD.OBJ
E:\GITHUB\CROPPER\CROPPER\CXIMAGE702_FULL\JASPER\RELEASE\MIF_COD.OBJ
E:\GITHUB\CROPPER\CROPPER\CXIMAGE702_FULL\JASPER\RELEASE\VC110.PDB
E:\GITHUB\CROPPER\CROPPER\CXIMAGE702_FULL\RELEASE\JASPER.LIB
E:\github\cropper\Cropper\cximage702_full\jasper\Release\bmp_cod.obj
E:\github\cropper\Cropper\cximage702_full\jasper\Release\bmp_dec.obj
E:\github\cropper\Cropper\cximage702_full\jasper\Release\bmp_enc.obj
E:\github\cropper\Cropper\cximage702_full\jasper\Release\jas_cm.obj
E:\github\cropper\Cropper\cximage702_full\jasper\Release\jas_debug.obj
E:\github\cropper\Cropper\cximage702_full\jasper\Release\jas_getopt.obj
E:\github\cropper\Cropper\cximage702_full\jasper\Release\jas_icc.obj
E:\github\cropper\Cropper\cximage702_full\jasper\Release\jas_iccdata.obj
E:\github\cropper\Cropper\cximage702_full\jasper\Release\jas_image.obj
E:\github\cropper\Cropper\cximage702_full\jasper\Release\jas_init.obj
E:\github\cropper\Cropper\cximage702_full\jasper\Release\jas_malloc.obj
E:\github\cropper\Cropper\cximage702_full\jasper\Release\jas_seq.obj
E:\github\cropper\Cropper\cximage702_full\jasper\Release\jas_stream.obj
E:\github\cropper\Cropper\cximage702_full\jasper\Release\jas_string.obj
E:\github\cropper\Cropper\cximage702_full\jasper\Release\jas_tvp.obj
E:\github\cropper\Cropper\cximage702_full\jasper\Release\jas_version.obj
E:\github\cropper\Cropper\cximage702_full\jasper\Release\jp2_cod.obj
E:\github\cropper\Cropper\cximage702_full\jasper\Release\jp2_dec.obj
E:\github\cropper\Cropper\cximage702_full\jasper\Release\jp2_enc.obj
E:\github\cropper\Cropper\cximage702_full\jasper\Release\jpc_bs.obj
E:\github\cropper\Cropper\cximage702_full\jasper\Release\jpc_cs.obj
E:\github\cropper\Cropper\cximage702_full\jasper\Release\jpc_dec.obj
E:\github\cropper\Cropper\cximage702_full\jasper\Release\jpc_enc.obj
E:\github\cropper\Cropper\cximage702_full\jasper\Release\jpc_math.obj
E:\github\cropper\Cropper\cximage702_full\jasper\Release\jpc_mct.obj
E:\github\cropper\Cropper\cximage702_full\jasper\Release\jpc_mqcod.obj
E:\github\cropper\Cropper\cximage702_full\jasper\Release\jpc_mqdec.obj
E:\github\cropper\Cropper\cximage702_full\jasper\Release\jpc_mqenc.obj
E:\github\cropper\Cropper\cximage702_full\jasper\Release\jpc_qmfb.obj
E:\github\cropper\Cropper\cximage702_full\jasper\Release\jpc_t1cod.obj
E:\github\cropper\Cropper\cximage702_full\jasper\Release\jpc_t1dec.obj
E:\github\cropper\Cropper\cximage702_full\jasper\Release\jpc_t1enc.obj
E:\github\cropper\Cropper\cximage702_full\jasper\Release\jpc_t2cod.obj
E:\github\cropper\Cropper\cximage702_full\jasper\Release\jpc_t2dec.obj
E:\github\cropper\Cropper\cximage702_full\jasper\Release\jpc_t2enc.obj
E:\github\cropper\Cropper\cximage702_full\jasper\Release\jpc_tagtree.obj
E:\github\cropper\Cropper\cximage702_full\jasper\Release\jpc_tsfb.obj
E:\github\cropper\Cropper\cximage702_full\jasper\Release\jpc_util.obj
E:\github\cropper\Cropper\cximage702_full\jasper\Release\jpg_dummy.obj
E:\github\cropper\Cropper\cximage702_full\jasper\Release\jpg_val.obj
E:\github\cropper\Cropper\cximage702_full\jasper\Release\mif_cod.obj
E:\github\cropper\Cropper\cximage702_full\jasper\Release\pgx_cod.obj
E:\github\cropper\Cropper\cximage702_full\jasper\Release\pgx_dec.obj
E:\github\cropper\Cropper\cximage702_full\jasper\Release\pgx_enc.obj
E:\github\cropper\Cropper\cximage702_full\jasper\Release\pnm_cod.obj
E:\github\cropper\Cropper\cximage702_full\jasper\Release\pnm_dec.obj
E:\github\cropper\Cropper\cximage702_full\jasper\Release\pnm_enc.obj
E:\github\cropper\Cropper\cximage702_full\jasper\Release\ras_cod.obj
E:\github\cropper\Cropper\cximage702_full\jasper\Release\ras_dec.obj
E:\github\cropper\Cropper\cximage702_full\jasper\Release\ras_enc.obj
E:\github\cropper\Cropper\cximage702_full\jasper\Release\cl.command.1.tlog
E:\github\cropper\Cropper\cximage702_full\jasper\Release\CL.read.1.tlog
E:\github\cropper\Cropper\cximage702_full\jasper\Release\CL.write.1.tlog
E:\github\cropper\Cropper\cximage702_full\jasper\Release\Lib-link.read.1.tlog
E:\github\cropper\Cropper\cximage702_full\jasper\Release\Lib-link.write.1.tlog
E:\github\cropper\Cropper\cximage702_full\jasper\Release\lib.command.1.tlog
E:\github\cropper\Cropper\cximage702_full\jasper\Release\vc110.pdb
E:\github\cropper\Cropper\cximage702_full\Release\jasper.lib
