E:\GITHUB\CROPPER\CROPPER\CXIMAGE702_FULL\CXIMAGE\DEBUG\XIMAJBG.OBJ
E:\GITHUB\CROPPER\CROPPER\CXIMAGE702_FULL\CXIMAGE\DEBUG\XIMAJPG.OBJ
E:\GITHUB\CROPPER\CROPPER\CXIMAGE702_FULL\CXIMAGE\DEBUG\XIMALPHA.OBJ
E:\GITHUB\CROPPER\CROPPER\CXIMAGE702_FULL\CXIMAGE\DEBUG\XIMALYR.OBJ
E:\GITHUB\CROPPER\CROPPER\CXIMAGE702_FULL\CXIMAGE\DEBUG\XIMAMNG.OBJ
E:\GITHUB\CROPPER\CROPPER\CXIMAGE702_FULL\CXIMAGE\DEBUG\XIMAPAL.OBJ
E:\GITHUB\CROPPER\CROPPER\CXIMAGE702_FULL\CXIMAGE\DEBUG\XIMAPCX.OBJ
E:\GITHUB\CROPPER\CROPPER\CXIMAGE702_FULL\CXIMAGE\DEBUG\XIMAPNG.OBJ
E:\GITHUB\CROPPER\CROPPER\CXIMAGE702_FULL\CXIMAGE\DEBUG\XIMAPSD.OBJ
E:\GITHUB\CROPPER\CROPPER\CXIMAGE702_FULL\CXIMAGE\DEBUG\XIMARAW.OBJ
E:\GITHUB\CROPPER\CROPPER\CXIMAGE702_FULL\CXIMAGE\DEBUG\XIMASEL.OBJ
E:\GITHUB\CROPPER\CROPPER\CXIMAGE702_FULL\CXIMAGE\DEBUG\XIMASKA.OBJ
E:\GITHUB\CROPPER\CROPPER\CXIMAGE702_FULL\CXIMAGE\DEBUG\XIMATGA.OBJ
E:\GITHUB\CROPPER\CROPPER\CXIMAGE702_FULL\CXIMAGE\DEBUG\XIMATH.OBJ
E:\GITHUB\CROPPER\CROPPER\CXIMAGE702_FULL\CXIMAGE\DEBUG\XIMATIF.OBJ
E:\GITHUB\CROPPER\CROPPER\CXIMAGE702_FULL\CXIMAGE\DEBUG\XIMATRAN.OBJ
E:\GITHUB\CROPPER\CROPPER\CXIMAGE702_FULL\CXIMAGE\DEBUG\XIMAWBMP.OBJ
E:\GITHUB\CROPPER\CROPPER\CXIMAGE702_FULL\CXIMAGE\DEBUG\XIMAWMF.OBJ
E:\GITHUB\CROPPER\CROPPER\CXIMAGE702_FULL\CXIMAGE\DEBUG\XIMAWND.OBJ
E:\GITHUB\CROPPER\CROPPER\CXIMAGE702_FULL\CXIMAGE\DEBUG\XMEMFILE.OBJ
E:\GITHUB\CROPPER\CROPPER\CXIMAGE702_FULL\CXIMAGE\DEBUG\TIF_XFILE.OBJ
E:\GITHUB\CROPPER\CROPPER\CXIMAGE702_FULL\CXIMAGE\DEBUG\XIMABMP.OBJ
E:\GITHUB\CROPPER\CROPPER\CXIMAGE702_FULL\CXIMAGE\DEBUG\XIMADSP.OBJ
E:\GITHUB\CROPPER\CROPPER\CXIMAGE702_FULL\CXIMAGE\DEBUG\XIMAENC.OBJ
E:\GITHUB\CROPPER\CROPPER\CXIMAGE702_FULL\CXIMAGE\DEBUG\XIMAEXIF.OBJ
E:\GITHUB\CROPPER\CROPPER\CXIMAGE702_FULL\CXIMAGE\DEBUG\XIMAGE.OBJ
E:\GITHUB\CROPPER\CROPPER\CXIMAGE702_FULL\CXIMAGE\DEBUG\XIMAGIF.OBJ
E:\GITHUB\CROPPER\CROPPER\CXIMAGE702_FULL\CXIMAGE\DEBUG\XIMAHIST.OBJ
E:\GITHUB\CROPPER\CROPPER\CXIMAGE702_FULL\CXIMAGE\DEBUG\XIMAICO.OBJ
E:\GITHUB\CROPPER\CROPPER\CXIMAGE702_FULL\CXIMAGE\DEBUG\XIMAINFO.OBJ
E:\GITHUB\CROPPER\CROPPER\CXIMAGE702_FULL\CXIMAGE\DEBUG\XIMAINT.OBJ
E:\GITHUB\CROPPER\CROPPER\CXIMAGE702_FULL\CXIMAGE\DEBUG\XIMAJAS.OBJ
E:\GITHUB\CROPPER\CROPPER\CXIMAGE702_FULL\CXIMAGE\DEBUG\VC110.PDB
E:\GITHUB\CROPPER\CROPPER\CXIMAGE702_FULL\DEBUG\CXIMAGE.LIB
E:\github\cropper\Cropper\cximage702_full\CxImage\Debug\tif_xfile.obj
E:\github\cropper\Cropper\cximage702_full\CxImage\Debug\ximabmp.obj
E:\github\cropper\Cropper\cximage702_full\CxImage\Debug\ximadsp.obj
E:\github\cropper\Cropper\cximage702_full\CxImage\Debug\ximaenc.obj
E:\github\cropper\Cropper\cximage702_full\CxImage\Debug\ximaexif.obj
E:\github\cropper\Cropper\cximage702_full\CxImage\Debug\ximage.obj
E:\github\cropper\Cropper\cximage702_full\CxImage\Debug\ximagif.obj
E:\github\cropper\Cropper\cximage702_full\CxImage\Debug\ximahist.obj
E:\github\cropper\Cropper\cximage702_full\CxImage\Debug\ximaico.obj
E:\github\cropper\Cropper\cximage702_full\CxImage\Debug\ximainfo.obj
E:\github\cropper\Cropper\cximage702_full\CxImage\Debug\ximaint.obj
E:\github\cropper\Cropper\cximage702_full\CxImage\Debug\ximajas.obj
E:\github\cropper\Cropper\cximage702_full\CxImage\Debug\ximajbg.obj
E:\github\cropper\Cropper\cximage702_full\CxImage\Debug\ximajpg.obj
E:\github\cropper\Cropper\cximage702_full\CxImage\Debug\ximalpha.obj
E:\github\cropper\Cropper\cximage702_full\CxImage\Debug\ximalyr.obj
E:\github\cropper\Cropper\cximage702_full\CxImage\Debug\ximamng.obj
E:\github\cropper\Cropper\cximage702_full\CxImage\Debug\ximapal.obj
E:\github\cropper\Cropper\cximage702_full\CxImage\Debug\ximapcx.obj
E:\github\cropper\Cropper\cximage702_full\CxImage\Debug\ximapng.obj
E:\github\cropper\Cropper\cximage702_full\CxImage\Debug\ximapsd.obj
E:\github\cropper\Cropper\cximage702_full\CxImage\Debug\ximaraw.obj
E:\github\cropper\Cropper\cximage702_full\CxImage\Debug\ximasel.obj
E:\github\cropper\Cropper\cximage702_full\CxImage\Debug\ximaska.obj
E:\github\cropper\Cropper\cximage702_full\CxImage\Debug\ximatga.obj
E:\github\cropper\Cropper\cximage702_full\CxImage\Debug\ximath.obj
E:\github\cropper\Cropper\cximage702_full\CxImage\Debug\ximatif.obj
E:\github\cropper\Cropper\cximage702_full\CxImage\Debug\ximatran.obj
E:\github\cropper\Cropper\cximage702_full\CxImage\Debug\ximawbmp.obj
E:\github\cropper\Cropper\cximage702_full\CxImage\Debug\ximawmf.obj
E:\github\cropper\Cropper\cximage702_full\CxImage\Debug\ximawnd.obj
E:\github\cropper\Cropper\cximage702_full\CxImage\Debug\xmemfile.obj
E:\github\cropper\Cropper\cximage702_full\CxImage\Debug\cl.command.1.tlog
E:\github\cropper\Cropper\cximage702_full\CxImage\Debug\CL.read.1.tlog
E:\github\cropper\Cropper\cximage702_full\CxImage\Debug\CL.write.1.tlog
E:\github\cropper\Cropper\cximage702_full\CxImage\Debug\Lib-link.read.1.tlog
E:\github\cropper\Cropper\cximage702_full\CxImage\Debug\Lib-link.write.1.tlog
E:\github\cropper\Cropper\cximage702_full\CxImage\Debug\lib.command.1.tlog
E:\github\cropper\Cropper\cximage702_full\CxImage\Debug\vc110.idb
E:\github\cropper\Cropper\cximage702_full\CxImage\Debug\vc110.pdb
E:\github\cropper\Cropper\cximage702_full\Debug\cximage.lib
