E:\GITHUB\CROPPER\CROPPER\CXIMAGE702_FULL\PNG\RELEASE\PNGWUTIL.OBJ
E:\GITHUB\CROPPER\CROPPER\CXIMAGE702_FULL\PNG\RELEASE\PNGWTRAN.OBJ
E:\GITHUB\CROPPER\CROPPER\CXIMAGE702_FULL\PNG\RELEASE\PNGWRITE.OBJ
E:\GITHUB\CROPPER\CROPPER\CXIMAGE702_FULL\PNG\RELEASE\PNGWIO.OBJ
E:\GITHUB\CROPPER\CROPPER\CXIMAGE702_FULL\PNG\RELEASE\PNGTRANS.OBJ
E:\GITHUB\CROPPER\CROPPER\CXIMAGE702_FULL\PNG\RELEASE\PNGSET.OBJ
E:\GITHUB\CROPPER\CROPPER\CXIMAGE702_FULL\PNG\RELEASE\PNGRUTIL.OBJ
E:\GITHUB\CROPPER\CROPPER\CXIMAGE702_FULL\PNG\RELEASE\PNGRTRAN.OBJ
E:\GITHUB\CROPPER\CROPPER\CXIMAGE702_FULL\PNG\RELEASE\PNGRIO.OBJ
E:\GITHUB\CROPPER\CROPPER\CXIMAGE702_FULL\PNG\RELEASE\PNGREAD.OBJ
E:\GITHUB\CROPPER\CROPPER\CXIMAGE702_FULL\PNG\RELEASE\PNGPREAD.OBJ
E:\GITHUB\CROPPER\CROPPER\CXIMAGE702_FULL\PNG\RELEASE\PNGMEM.OBJ
E:\GITHUB\CROPPER\CROPPER\CXIMAGE702_FULL\PNG\RELEASE\PNGGET.OBJ
E:\GITHUB\CROPPER\CROPPER\CXIMAGE702_FULL\PNG\RELEASE\PNGERROR.OBJ
E:\GITHUB\CROPPER\CROPPER\CXIMAGE702_FULL\PNG\RELEASE\PNG.OBJ
E:\GITHUB\CROPPER\CROPPER\CXIMAGE702_FULL\PNG\RELEASE\VC110.PDB
E:\GITHUB\CROPPER\CROPPER\CXIMAGE702_FULL\RELEASE\PNG.LIB
E:\github\cropper\Cropper\cximage702_full\png\Release\png.obj
E:\github\cropper\Cropper\cximage702_full\png\Release\pngerror.obj
E:\github\cropper\Cropper\cximage702_full\png\Release\pngget.obj
E:\github\cropper\Cropper\cximage702_full\png\Release\pngmem.obj
E:\github\cropper\Cropper\cximage702_full\png\Release\pngpread.obj
E:\github\cropper\Cropper\cximage702_full\png\Release\pngread.obj
E:\github\cropper\Cropper\cximage702_full\png\Release\pngrio.obj
E:\github\cropper\Cropper\cximage702_full\png\Release\pngrtran.obj
E:\github\cropper\Cropper\cximage702_full\png\Release\pngrutil.obj
E:\github\cropper\Cropper\cximage702_full\png\Release\pngset.obj
E:\github\cropper\Cropper\cximage702_full\png\Release\pngtrans.obj
E:\github\cropper\Cropper\cximage702_full\png\Release\pngwio.obj
E:\github\cropper\Cropper\cximage702_full\png\Release\pngwrite.obj
E:\github\cropper\Cropper\cximage702_full\png\Release\pngwtran.obj
E:\github\cropper\Cropper\cximage702_full\png\Release\pngwutil.obj
E:\github\cropper\Cropper\cximage702_full\png\Release\cl.command.1.tlog
E:\github\cropper\Cropper\cximage702_full\png\Release\CL.read.1.tlog
E:\github\cropper\Cropper\cximage702_full\png\Release\CL.write.1.tlog
E:\github\cropper\Cropper\cximage702_full\png\Release\Lib-link.read.1.tlog
E:\github\cropper\Cropper\cximage702_full\png\Release\Lib-link.write.1.tlog
E:\github\cropper\Cropper\cximage702_full\png\Release\lib.command.1.tlog
E:\github\cropper\Cropper\cximage702_full\png\Release\vc110.pdb
E:\github\cropper\Cropper\cximage702_full\Release\png.lib
