生成启动时间为 2018/9/7 星期五 下午 12:00:38。
     1>项目“E:\github\cropper\Cropper\cximage702_full\CxImage\CxImageDLL\cximagemfcdll.vcxproj”在节点 2 上(Build 个目标)。
     1>ClCompile:
         C:\Program Files (x86)\Microsoft Visual Studio 11.0\VC\bin\CL.exe /c /I../../zlib /I../../jasper/include /Zi /nologo /W3 /WX- /O2 /Ob1 /Oy- /D WIN32 /D NDEBUG /D _WINDOWS /D _USRDLL /D JAS_WIN_MSVC_BUILD /D _CRT_SECURE_NO_DEPRECATE /D _WIN32_IE=0x0400 /D _VC80_UPGRADE=0x0600 /D _WINDLL /D _MBCS /D _AFXDLL /GF /Gm- /EHsc /MD /GS /Gy /fp:precise /Zc:wchar_t /Zc:forScope /Fo".\Release/" /Fd".\Release/vc110.pdb" /Gd /TP /analyze- /errorReport:prompt ..\tif_xfile.cpp ..\ximabmp.cpp ..\ximadsp.cpp ..\ximaenc.cpp ..\ximaexif.cpp ..\ximage.cpp ..\ximagif.cpp ..\ximahist.cpp ..\ximaico.cpp ..\ximainfo.cpp ..\ximaint.cpp ..\ximajas.cpp ..\ximajbg.cpp ..\ximajpg.cpp ..\ximalpha.cpp ..\ximalyr.cpp ..\ximamng.cpp ..\ximapal.cpp ..\ximapcx.cpp ..\ximapng.cpp ..\ximapsd.cpp ..\ximaraw.cpp ..\ximasel.cpp ..\ximaska.cpp ..\ximatga.cpp ..\ximath.cpp ..\ximatif.cpp ..\ximatran.cpp ..\ximawbmp.cpp ..\ximawmf.cpp ..\ximawnd.cpp ..\xmemfile.cpp
         tif_xfile.cpp
         ximabmp.cpp
         ximadsp.cpp
     1>..\ximadsp.cpp(2910): warning C4819: 该文件包含不能在当前代码页(936)中表示的字符。请将该文件保存为 Unicode 格式以防止数据丢失
         ximaenc.cpp
         ximaexif.cpp
         ximage.cpp
         ximagif.cpp
         ximahist.cpp
         ximaico.cpp
         ximainfo.cpp
         ximaint.cpp
         ximajas.cpp
         ximajbg.cpp
         ximajpg.cpp
         ximalpha.cpp
         ximalyr.cpp
         ximamng.cpp
         ximapal.cpp
         ximapcx.cpp
         ximapng.cpp
         正在生成代码...
         正在编译...
         ximapsd.cpp
     1>..\ximapsd.cpp : warning C4819: 该文件包含不能在当前代码页(936)中表示的字符。请将该文件保存为 Unicode 格式以防止数据丢失
         ximaraw.cpp
         ximasel.cpp
         ximaska.cpp
         ximatga.cpp
         ximath.cpp
         ximatif.cpp
         ximatran.cpp
         ximawbmp.cpp
         ximawmf.cpp
         ximawnd.cpp
         xmemfile.cpp
         正在生成代码...
       ResourceCompile:
         C:\Program Files (x86)\Windows Kits\8.0\bin\x86\rc.exe /D NDEBUG /D _VC80_UPGRADE=0x0600 /D _AFXDLL /l"0x0809" /nologo /fo".\Release\CxImageMfcDll.res" CxImageMfcDll.rc 
       Link:
         C:\Program Files (x86)\Microsoft Visual Studio 11.0\VC\bin\link.exe /ERRORREPORT:PROMPT /OUT:".\Release\cximagemfcdll.dll" /INCREMENTAL:NO /NOLOGO kernel32.lib user32.lib gdi32.lib ../../release/png.lib ../../release/jpeg.lib ../../release/zlib.lib ../../release/tiff.lib ../../release/jbig.lib ../../release/mng.lib ../../release/jasper.lib ../../release/libdcr.lib ../../release/libpsd.lib /MANIFEST /MANIFESTUAC:"level='asInvoker' uiAccess='false'" /manifest:embed /manifestinput:"C:\Program Files (x86)\Microsoft Visual Studio 11.0\VC\Include\Manifest\dpiaware.manifest" /PDB:".\Release/cximage.pdb" /SUBSYSTEM:WINDOWS /TLBID:1 /DYNAMICBASE /NXCOMPAT /IMPLIB:".\Release/cximage.lib" /MACHINE:X86 /SAFESEH /DLL .\Release\CxImageMfcDll.res
         .\Release/tif_xfile.obj
         .\Release/ximabmp.obj
         .\Release/ximadsp.obj
         .\Release/ximaenc.obj
         .\Release/ximaexif.obj
         .\Release/ximage.obj
         .\Release/ximagif.obj
         .\Release/ximahist.obj
         .\Release/ximaico.obj
         .\Release/ximainfo.obj
         .\Release/ximaint.obj
         .\Release/ximajas.obj
         .\Release/ximajbg.obj
         .\Release/ximajpg.obj
         .\Release/ximalpha.obj
         .\Release/ximalyr.obj
         .\Release/ximamng.obj
         .\Release/ximapal.obj
         .\Release/ximapcx.obj
         .\Release/ximapng.obj
         .\Release/ximapsd.obj
         .\Release/ximaraw.obj
         .\Release/ximasel.obj
         .\Release/ximaska.obj
         .\Release/ximatga.obj
         .\Release/ximath.obj
         .\Release/ximatif.obj
         .\Release/ximatran.obj
         .\Release/ximawbmp.obj
         .\Release/ximawmf.obj
         .\Release/ximawnd.obj
         .\Release/xmemfile.obj
         E:\github\cropper\Cropper\cximage702_full\Release\jbig.lib
         E:\github\cropper\Cropper\cximage702_full\Release\jpeg.lib
         E:\github\cropper\Cropper\cximage702_full\Release\png.lib
         E:\github\cropper\Cropper\cximage702_full\Release\Tiff.lib
         E:\github\cropper\Cropper\cximage702_full\Release\zlib.lib
         png.lib(pngread.obj) : 找到 MSIL .netmodule 或使用 /GL 编译的模块；正在使用 /LTCG 重新启动链接；将 /LTCG 添加到链接命令行以改进链接器性能
            正在创建库 .\Release/cximage.lib 和对象 .\Release/cximage.exp
         正在生成代码
         已完成代码的生成
         cximagemfcdll.vcxproj -> E:\github\cropper\Cropper\cximage702_full\CxImage\CxImageDLL\.\Release\cximagemfcdll.dll
     1>已完成生成项目“E:\github\cropper\Cropper\cximage702_full\CxImage\CxImageDLL\cximagemfcdll.vcxproj”(Build 个目标)的操作。

生成成功。

已用时间 00:00:27.03
