生成启动时间为 2018/9/7 星期五 上午 11:30:36。
     1>项目“E:\github\cropper\Cropper\cximage702_full\mng\mng.vcxproj”在节点 3 上(Build 个目标)。
     1>ClCompile:
         C:\Program Files (x86)\Microsoft Visual Studio 11.0\VC\bin\CL.exe /c /Zi /nologo /W3 /WX- /O2 /Oi /Oy- /GL /D WIN32 /D NDEBUG /D _LIB /D _WINDOWS /D MNG_SUPPORT_DISPLAY /D MNG_SUPPORT_READ /D MNG_SUPPORT_WRITE /D MNG_ACCESS_CHUNKS /D MNG_STORE_CHUNKS /D MNG_ERROR_TELLTALE /D _CRT_SECURE_NO_DEPRECATE /D _UNICODE /D UNICODE /Gm- /EHsc /MD /GS /Gy /fp:precise /Zc:wchar_t /Zc:forScope /Fo"Release\\" /Fd"Release\vc110.pdb" /Gd /TC /analyze- /errorReport:prompt libmng_callback_xs.c libmng_chunk_descr.c libmng_chunk_io.c libmng_chunk_prc.c libmng_chunk_xs.c libmng_cms.c libmng_display.c libmng_dither.c libmng_error.c libmng_filter.c libmng_hlapi.c libmng_jpeg.c libmng_object_prc.c libmng_pixels.c libmng_prop_xs.c libmng_read.c libmng_trace.c libmng_write.c libmng_zlib.c
         libmng_callback_xs.c
         libmng_chunk_descr.c
         libmng_chunk_io.c
         libmng_chunk_prc.c
         libmng_chunk_xs.c
         libmng_cms.c
         libmng_display.c
         libmng_dither.c
         libmng_error.c
         libmng_filter.c
         libmng_hlapi.c
         libmng_jpeg.c
         libmng_object_prc.c
         libmng_pixels.c
         libmng_prop_xs.c
         libmng_read.c
         libmng_trace.c
         libmng_write.c
         libmng_zlib.c
       Lib:
         C:\Program Files (x86)\Microsoft Visual Studio 11.0\VC\bin\Lib.exe /OUT:"E:\github\cropper\Cropper\cximage702_full\Release\mng.lib" /NOLOGO /LTCG Release\libmng_callback_xs.obj
         Release\libmng_chunk_descr.obj
         Release\libmng_chunk_io.obj
         Release\libmng_chunk_prc.obj
         Release\libmng_chunk_xs.obj
         Release\libmng_cms.obj
         Release\libmng_display.obj
         Release\libmng_dither.obj
         Release\libmng_error.obj
         Release\libmng_filter.obj
         Release\libmng_hlapi.obj
         Release\libmng_jpeg.obj
         Release\libmng_object_prc.obj
         Release\libmng_pixels.obj
         Release\libmng_prop_xs.obj
         Release\libmng_read.obj
         Release\libmng_trace.obj
         Release\libmng_write.obj
         Release\libmng_zlib.obj
         mng.vcxproj -> E:\github\cropper\Cropper\cximage702_full\Release\mng.lib
     1>已完成生成项目“E:\github\cropper\Cropper\cximage702_full\mng\mng.vcxproj”(Build 个目标)的操作。

生成成功。

已用时间 00:00:02.45
