E:\GITHUB\CROPPER\CROPPER\CXIMAGE702_FULL\MNG\RELEASE\LIBMNG_ZLIB.OBJ
E:\GITHUB\CROPPER\CROPPER\CXIMAGE702_FULL\MNG\RELEASE\LIBMNG_WRITE.OBJ
E:\GITHUB\CROPPER\CROPPER\CXIMAGE702_FULL\MNG\RELEASE\LIBMNG_TRACE.OBJ
E:\GITHUB\CROPPER\CROPPER\CXIMAGE702_FULL\MNG\RELEASE\LIBMNG_READ.OBJ
E:\GITHUB\CROPPER\CROPPER\CXIMAGE702_FULL\MNG\RELEASE\LIBMNG_PROP_XS.OBJ
E:\GITHUB\CROPPER\CROPPER\CXIMAGE702_FULL\MNG\RELEASE\LIBMNG_PIXELS.OBJ
E:\GITHUB\CROPPER\CROPPER\CXIMAGE702_FULL\MNG\RELEASE\LIBMNG_OBJECT_PRC.OBJ
E:\GITHUB\CROPPER\CROPPER\CXIMAGE702_FULL\MNG\RELEASE\LIBMNG_JPEG.OBJ
E:\GITHUB\CROPPER\CROPPER\CXIMAGE702_FULL\MNG\RELEASE\LIBMNG_HLAPI.OBJ
E:\GITHUB\CROPPER\CROPPER\CXIMAGE702_FULL\MNG\RELEASE\LIBMNG_FILTER.OBJ
E:\GITHUB\CROPPER\CROPPER\CXIMAGE702_FULL\MNG\RELEASE\LIBMNG_ERROR.OBJ
E:\GITHUB\CROPPER\CROPPER\CXIMAGE702_FULL\MNG\RELEASE\LIBMNG_DITHER.OBJ
E:\GITHUB\CROPPER\CROPPER\CXIMAGE702_FULL\MNG\RELEASE\LIBMNG_DISPLAY.OBJ
E:\GITHUB\CROPPER\CROPPER\CXIMAGE702_FULL\MNG\RELEASE\LIBMNG_CMS.OBJ
E:\GITHUB\CROPPER\CROPPER\CXIMAGE702_FULL\MNG\RELEASE\LIBMNG_CHUNK_XS.OBJ
E:\GITHUB\CROPPER\CROPPER\CXIMAGE702_FULL\MNG\RELEASE\LIBMNG_CHUNK_PRC.OBJ
E:\GITHUB\CROPPER\CROPPER\CXIMAGE702_FULL\MNG\RELEASE\LIBMNG_CHUNK_IO.OBJ
E:\GITHUB\CROPPER\CROPPER\CXIMAGE702_FULL\MNG\RELEASE\LIBMNG_CHUNK_DESCR.OBJ
E:\GITHUB\CROPPER\CROPPER\CXIMAGE702_FULL\MNG\RELEASE\LIBMNG_CALLBACK_XS.OBJ
E:\GITHUB\CROPPER\CROPPER\CXIMAGE702_FULL\MNG\RELEASE\VC110.PDB
E:\GITHUB\CROPPER\CROPPER\CXIMAGE702_FULL\RELEASE\MNG.LIB
E:\github\cropper\Cropper\cximage702_full\mng\Release\libmng_callback_xs.obj
E:\github\cropper\Cropper\cximage702_full\mng\Release\libmng_chunk_descr.obj
E:\github\cropper\Cropper\cximage702_full\mng\Release\libmng_chunk_io.obj
E:\github\cropper\Cropper\cximage702_full\mng\Release\libmng_chunk_prc.obj
E:\github\cropper\Cropper\cximage702_full\mng\Release\libmng_chunk_xs.obj
E:\github\cropper\Cropper\cximage702_full\mng\Release\libmng_cms.obj
E:\github\cropper\Cropper\cximage702_full\mng\Release\libmng_display.obj
E:\github\cropper\Cropper\cximage702_full\mng\Release\libmng_dither.obj
E:\github\cropper\Cropper\cximage702_full\mng\Release\libmng_error.obj
E:\github\cropper\Cropper\cximage702_full\mng\Release\libmng_filter.obj
E:\github\cropper\Cropper\cximage702_full\mng\Release\libmng_hlapi.obj
E:\github\cropper\Cropper\cximage702_full\mng\Release\libmng_jpeg.obj
E:\github\cropper\Cropper\cximage702_full\mng\Release\libmng_object_prc.obj
E:\github\cropper\Cropper\cximage702_full\mng\Release\libmng_pixels.obj
E:\github\cropper\Cropper\cximage702_full\mng\Release\libmng_prop_xs.obj
E:\github\cropper\Cropper\cximage702_full\mng\Release\libmng_read.obj
E:\github\cropper\Cropper\cximage702_full\mng\Release\libmng_trace.obj
E:\github\cropper\Cropper\cximage702_full\mng\Release\libmng_write.obj
E:\github\cropper\Cropper\cximage702_full\mng\Release\libmng_zlib.obj
E:\github\cropper\Cropper\cximage702_full\mng\Release\cl.command.1.tlog
E:\github\cropper\Cropper\cximage702_full\mng\Release\CL.read.1.tlog
E:\github\cropper\Cropper\cximage702_full\mng\Release\CL.write.1.tlog
E:\github\cropper\Cropper\cximage702_full\mng\Release\Lib-link.read.1.tlog
E:\github\cropper\Cropper\cximage702_full\mng\Release\Lib-link.write.1.tlog
E:\github\cropper\Cropper\cximage702_full\mng\Release\lib.command.1.tlog
E:\github\cropper\Cropper\cximage702_full\mng\Release\vc110.pdb
E:\github\cropper\Cropper\cximage702_full\Release\mng.lib
