E:\GITHUB\CROPPER\CROPPER\CXIMAGE702_FULL\DEMO\DEBUG\DEMODLL.PCH
E:\GITHUB\CROPPER\CROPPER\CXIMAGE702_FULL\DEMO\DEBUG\STDAFX.OBJ
E:\GITHUB\CROPPER\CROPPER\CXIMAGE702_FULL\DEMO\DEBUG\VC110.PDB
E:\github\cropper\Cropper\cximage702_full\demo\Debug\DlgHisto.obj
E:\github\cropper\Cropper\cximage702_full\demo\Debug\DlgIncBpp.obj
E:\github\cropper\Cropper\cximage702_full\demo\Debug\DlgJpeg.obj
E:\github\cropper\Cropper\cximage702_full\demo\Debug\DlgMix.obj
E:\github\cropper\Cropper\cximage702_full\demo\Debug\DlgOpacity.obj
E:\github\cropper\Cropper\cximage702_full\demo\Debug\DlgOptions.obj
E:\github\cropper\Cropper\cximage702_full\demo\Debug\DlgPalette.obj
E:\github\cropper\Cropper\cximage702_full\demo\Debug\DlgRepair.obj
E:\github\cropper\Cropper\cximage702_full\demo\Debug\DlgResample.obj
E:\github\cropper\Cropper\cximage702_full\demo\Debug\DlgRotate.obj
E:\github\cropper\Cropper\cximage702_full\demo\Debug\DlgShadow.obj
E:\github\cropper\Cropper\cximage702_full\demo\Debug\DlgSkew.obj
E:\github\cropper\Cropper\cximage702_full\demo\Debug\DlgText.obj
E:\github\cropper\Cropper\cximage702_full\demo\Debug\DlgThreshold.obj
E:\github\cropper\Cropper\cximage702_full\demo\Debug\DlgURL.obj
E:\github\cropper\Cropper\cximage702_full\demo\Debug\logomdi.obj
E:\github\cropper\Cropper\cximage702_full\demo\Debug\MainFrm.obj
E:\github\cropper\Cropper\cximage702_full\demo\Debug\Quantize.obj
E:\github\cropper\Cropper\cximage702_full\demo\Debug\stdafx.obj
E:\github\cropper\Cropper\cximage702_full\demo\Debug\TwainCpp.obj
E:\github\cropper\Cropper\cximage702_full\demo\Debug\xTargetButton.obj
E:\github\cropper\Cropper\cximage702_full\demo\Debug\cl.command.1.tlog
E:\github\cropper\Cropper\cximage702_full\demo\Debug\CL.read.1.tlog
E:\github\cropper\Cropper\cximage702_full\demo\Debug\CL.write.1.tlog
E:\github\cropper\Cropper\cximage702_full\demo\Debug\demodll.pch
E:\github\cropper\Cropper\cximage702_full\demo\Debug\vc110.idb
E:\github\cropper\Cropper\cximage702_full\demo\Debug\vc110.pdb
