生成启动时间为 2018/9/7 星期五 上午 11:48:55。
     1>项目“E:\github\cropper\Cropper\cximage702_full\CxImage\CxImageDLL\cximagecrtdll.vcxproj”在节点 2 上(Rebuild 个目标)。
     1>ClCompile:
         C:\Program Files (x86)\Microsoft Visual Studio 11.0\VC\bin\CL.exe /c /I../../zlib /I../../jasper/include /ZI /nologo /W3 /WX- /Od /Oy- /D WIN32 /D _DEBUG /D _WINDOWS /D _UNICODE /D UNICODE /D _USRDLL /D JAS_WIN_MSVC_BUILD /D _CRT_SECURE_NO_DEPRECATE /D _VC80_UPGRADE=0x0600 /D _WINDLL /D _MBCS /Gm /EHsc /RTC1 /MDd /GS /fp:precise /Zc:wchar_t /Zc:forScope /Fo".\Debug/" /Fd".\Debug/vc110.pdb" /Gd /TP /analyze- /errorReport:prompt ..\tif_xfile.cpp ..\ximabmp.cpp ..\ximadsp.cpp ..\ximaenc.cpp ..\ximaexif.cpp ..\ximage.cpp ..\ximagif.cpp ..\ximahist.cpp ..\ximaico.cpp ..\ximainfo.cpp ..\ximaint.cpp ..\ximajas.cpp ..\ximajbg.cpp ..\ximajpg.cpp ..\ximalpha.cpp ..\ximalyr.cpp ..\ximamng.cpp ..\ximapal.cpp ..\ximapcx.cpp ..\ximapng.cpp ..\ximapsd.cpp ..\ximaraw.cpp ..\ximasel.cpp ..\ximaska.cpp ..\ximatga.cpp ..\ximath.cpp ..\ximatif.cpp ..\ximatran.cpp ..\ximawbmp.cpp ..\ximawmf.cpp ..\ximawnd.cpp ..\xmemfile.cpp
         xmemfile.cpp
         ximawnd.cpp
         ximawmf.cpp
         ximawbmp.cpp
         ximatran.cpp
         ximatif.cpp
         ximath.cpp
         ximatga.cpp
         ximaska.cpp
         ximasel.cpp
         ximaraw.cpp
         ximapsd.cpp
     1>e:\github\cropper\cropper\cximage702_full\cximage\ximapsd.cpp : warning C4819: 该文件包含不能在当前代码页(936)中表示的字符。请将该文件保存为 Unicode 格式以防止数据丢失
         ximapng.cpp
         ximapcx.cpp
         ximapal.cpp
         ximamng.cpp
         ximalyr.cpp
         ximalpha.cpp
         ximajpg.cpp
         ximajbg.cpp
         正在生成代码...
         正在编译...
         ximajas.cpp
         ximaint.cpp
         ximainfo.cpp
         ximaico.cpp
         ximahist.cpp
         ximagif.cpp
         ximage.cpp
         ximaexif.cpp
         ximaenc.cpp
         ximadsp.cpp
     1>e:\github\cropper\cropper\cximage702_full\cximage\ximadsp.cpp(2910): warning C4819: 该文件包含不能在当前代码页(936)中表示的字符。请将该文件保存为 Unicode 格式以防止数据丢失
         ximabmp.cpp
         tif_xfile.cpp
         正在生成代码...
       ResourceCompile:
         C:\Program Files (x86)\Windows Kits\8.0\bin\x86\rc.exe /D _DEBUG /D _VC80_UPGRADE=0x0600 /l"0x0809" /nologo /fo".\Debug\CxImageCrtDll.res" CxImageCrtDll.rc 
       Link:
         C:\Program Files (x86)\Microsoft Visual Studio 11.0\VC\bin\link.exe /ERRORREPORT:PROMPT /OUT:".\Debug\cximagecrtdll.dll" /INCREMENTAL /NOLOGO opencv_world330.lib opencv_world330d.lib kernel32.lib user32.lib gdi32.lib winspool.lib comdlg32.lib advapi32.lib shell32.lib ole32.lib oleaut32.lib uuid.lib odbc32.lib odbccp32.lib /MANIFEST /MANIFESTUAC:"level='asInvoker' uiAccess='false'" /manifest:embed /DEBUG /PDB:".\Debug/cximagecrtd.pdb" /TLBID:1 /DYNAMICBASE /NXCOMPAT /IMPLIB:".\Debug/cximagecrtd.lib" /MACHINE:X86 /SAFESEH /DLL .\Debug\CxImageCrtDll.res
         .\Debug/tif_xfile.obj
         .\Debug/ximabmp.obj
         .\Debug/ximadsp.obj
         .\Debug/ximaenc.obj
         .\Debug/ximaexif.obj
         .\Debug/ximage.obj
         .\Debug/ximagif.obj
         .\Debug/ximahist.obj
         .\Debug/ximaico.obj
         .\Debug/ximainfo.obj
         .\Debug/ximaint.obj
         .\Debug/ximajas.obj
         .\Debug/ximajbg.obj
         .\Debug/ximajpg.obj
         .\Debug/ximalpha.obj
         .\Debug/ximalyr.obj
         .\Debug/ximamng.obj
         .\Debug/ximapal.obj
         .\Debug/ximapcx.obj
         .\Debug/ximapng.obj
         .\Debug/ximapsd.obj
         .\Debug/ximaraw.obj
         .\Debug/ximasel.obj
         .\Debug/ximaska.obj
         .\Debug/ximatga.obj
         .\Debug/ximath.obj
         .\Debug/ximatif.obj
         .\Debug/ximatran.obj
         .\Debug/ximawbmp.obj
         .\Debug/ximawmf.obj
         .\Debug/ximawnd.obj
         .\Debug/xmemfile.obj
         E:\github\cropper\Cropper\cximage702_full\Debug\jasper.lib
         E:\github\cropper\Cropper\cximage702_full\Debug\jbig.lib
         E:\github\cropper\Cropper\cximage702_full\Debug\Jpeg.lib
         E:\github\cropper\Cropper\cximage702_full\Debug\libpsd.lib
         E:\github\cropper\Cropper\cximage702_full\Debug\mng.lib
         E:\github\cropper\Cropper\cximage702_full\Debug\png.lib
         E:\github\cropper\Cropper\cximage702_full\Debug\libdcr.lib
         E:\github\cropper\Cropper\cximage702_full\Debug\tiff.lib
         E:\github\cropper\Cropper\cximage702_full\Debug\zlib.lib
     1>tif_xfile.obj : warning LNK4075: 忽略“/EDITANDCONTINUE”(由于“/SAFESEH”规范)
            正在创建库 .\Debug/cximagecrtd.lib 和对象 .\Debug/cximagecrtd.exp
         cximagecrtdll.vcxproj -> E:\github\cropper\Cropper\cximage702_full\CxImage\CxImageDLL\.\Debug\cximagecrtdll.dll
     1>已完成生成项目“E:\github\cropper\Cropper\cximage702_full\CxImage\CxImageDLL\cximagecrtdll.vcxproj”(Rebuild 个目标)的操作。

生成成功。

已用时间 00:00:27.76
